-1.399565521421543834e-01
-2.403420055794624338e-02
1.352622863160705610e-02
5.103143271565573763e-02
7.128473542809278529e-02
9.723349777775718017e-02
1.120306239965780104e-01
1.309633796171113251e-01
1.521127995846031922e-01
1.507842429737586143e-01
1.594732253643768027e-01
1.714035250214757389e-01
1.878690841078080875e-01
1.770073618262135440e-01
1.771293627462739995e-01
1.897353775625147121e-01
1.833771351291242080e-01
1.900317837909659135e-01
1.923056017621394553e-01
2.014653709104377854e-01
2.064408054132916281e-01
2.048581024616369373e-01
2.329126242303968808e-01
2.231202471715779678e-01
2.329308564896997724e-01
2.362997214521070088e-01
2.363088617139053882e-01
2.595679895720762187e-01
2.529991078700208895e-01
2.610521935517328695e-01
2.520284158480745607e-01
2.660268027750712916e-01
2.691800058065003109e-01
2.669301504298216554e-01
2.792225272666877256e-01
2.834317367113034503e-01
2.931215708081297833e-01
2.902355467498837771e-01
3.002700277141003293e-01
3.099664439265983340e-01
3.113174129688170977e-01
3.145538879900618423e-01
3.186233293906769459e-01
3.139320616512318307e-01
3.190612893935291239e-01
3.221229530687674258e-01
3.284186824385680881e-01
3.400858611998653358e-01
3.468706428249429541e-01
3.473249032582951812e-01
