-6.103922933174699139e-02
4.365367709989832756e-02
9.696156445546970370e-02
1.098219068236824525e-01
1.435526060774027779e-01
1.729644932151350734e-01
1.786587091327263566e-01
1.917590851190328904e-01
2.015920535632593491e-01
2.208078965143619454e-01
2.462617361174913588e-01
2.573432917957671484e-01
2.681807901740838607e-01
2.764239312287004036e-01
2.939477322383484692e-01
3.132779791805332392e-01
3.046908635117874242e-01
3.202807772462875069e-01
3.404098992760066777e-01
3.495191791377998958e-01
3.688692944349303282e-01
3.771799394424944496e-01
3.792144923070610019e-01
4.013247829428037150e-01
3.957325831068349009e-01
4.233115744490535404e-01
4.398258866197636840e-01
4.419793685104554393e-01
4.555770936965564122e-01
4.670054629376680366e-01
4.801077377359805887e-01
4.960577451672203431e-01
5.127765548248368610e-01
5.151751098889669755e-01
5.279133441766458157e-01
5.408110364313934992e-01
5.496140489145775465e-01
5.732883190361264258e-01
5.680959858474087243e-01
5.903745052878577315e-01
5.951758219373112224e-01
6.063358188891945222e-01
6.154781303679960347e-01
6.171567458638305137e-01
6.284818688409669063e-01
6.347554930360596037e-01
6.440983875491302912e-01
6.450027749282452039e-01
6.494817139869208944e-01
6.689035311900758396e-01
