-3.833193773971986518e-02
1.102390598057119697e-01
1.127646344121861627e-01
1.630855987322590850e-01
1.830066596869698581e-01
2.024830963509393900e-01
2.097683167230741941e-01
2.141701292233165466e-01
2.366810828871631911e-01
2.504677970755624927e-01
2.761489843239373632e-01
2.781878803120486632e-01
3.003473151170837352e-01
3.155843253769955448e-01
3.236551685300834147e-01
3.387374549726523965e-01
3.521145142519467308e-01
3.550674690856311932e-01
3.699015895659968356e-01
3.795822387191338243e-01
3.986893123783629700e-01
4.081366133830042764e-01
4.081380965829003449e-01
4.166252168370787046e-01
4.293221407892106600e-01
4.407433199953781910e-01
4.538344476376997005e-01
4.572847698489464485e-01
4.696872502671358696e-01
4.768686617887530343e-01
4.852365425412641931e-01
4.960837239969677070e-01
5.072111805848804611e-01
5.194014189870916898e-01
5.223310507800199565e-01
5.302969015995646629e-01
5.424089998798448109e-01
5.551440735205009913e-01
5.569923595810137851e-01
5.704296450301478139e-01
5.760823966050739875e-01
5.781745434973770692e-01
5.957609495957696399e-01
6.020522177074933978e-01
6.074782397186480054e-01
6.169697633976382045e-01
6.208844096679566604e-01
6.214718572182428291e-01
6.302977521092909541e-01
6.373677757814615319e-01
