-1.401177107663989230e-01
-1.798274127228802199e-02
2.663149702495513568e-02
5.084402713274641106e-02
7.393605601779335013e-02
1.014271644793955929e-01
1.034846357738929551e-01
1.264895971409017716e-01
1.240701747404179545e-01
1.383131767914067556e-01
1.429965934325772570e-01
1.357733576233198791e-01
1.387035076815792967e-01
1.403635974359390692e-01
1.481505197905267635e-01
1.486194904660475824e-01
1.541655841294648777e-01
1.533987906252187172e-01
1.539221521708147022e-01
1.664141690676781138e-01
1.567363969545908786e-01
1.677383273548144205e-01
1.720155968990976225e-01
1.751280810937148325e-01
1.669773649966397877e-01
1.770813533966202058e-01
1.841989358763538032e-01
1.851756518504569515e-01
1.843269442777907274e-01
1.986509909385149875e-01
1.986826067302180365e-01
2.085236843867419587e-01
2.037497218051165515e-01
2.174627538042121222e-01
2.179248278469276268e-01
2.263679986159013446e-01
2.189986790577027609e-01
2.252102516100921159e-01
2.229748984903515141e-01
2.287886755015999252e-01
2.394562048518863728e-01
2.436194599830036611e-01
2.340593320965940194e-01
2.504853144501341111e-01
2.564536932685485549e-01
2.750417141251746966e-01
2.722981536268185843e-01
2.895241994548314324e-01
2.841108173611187615e-01
2.913018511126192478e-01
