1.283441284145314665e-01
1.354463531399614229e-01
1.332272599267815272e-01
1.316586876936083894e-01
1.335567445789926089e-01
1.324063644043936838e-01
1.332751337651368884e-01
1.356547451422140116e-01
1.374964798648272979e-01
1.403111799493106937e-01
1.423852435933541383e-01
1.441326386933266257e-01
1.472317656998040625e-01
1.498239932413414632e-01
1.528484933821469549e-01
1.557772458462417797e-01
1.584398760912437976e-01
1.596902281047608285e-01
1.628738383553947899e-01
1.642044494508607122e-01
1.658307519008754838e-01
1.692382427485243368e-01
1.705533652492290664e-01
1.729005913827127150e-01
1.741241903689139670e-01
1.751041960011312237e-01
1.766840326668582539e-01
1.787862573922884002e-01
1.790115460433722439e-01
1.804562095184502890e-01
1.820980005632265586e-01
1.829597296536234763e-01
1.835468882005119318e-01
1.837017741481325184e-01
1.859405801182819340e-01
1.862756969867701839e-01
1.871655871585526931e-01
1.873739791608056426e-01
1.880949028442753801e-01
1.890467473951059629e-01
1.891791044776174047e-01
1.905956068713094420e-01
1.904871867079753478e-01
1.914263587721836968e-01
1.910884257955568488e-01
1.925612503520203467e-01
1.923753872148753208e-01
1.932455646296874219e-01
1.936412278231554596e-01
1.938425795550613173e-01
