2.520320201001042260e-01
3.766008364565085476e-01
4.062811505132764567e-01
4.230207247917918689e-01
4.445183591047436877e-01
4.561702689926402376e-01
4.712911906075288870e-01
4.862441149168678090e-01
4.936205898374638745e-01
5.086435856165661962e-01
5.183030284196236126e-01
5.324047636015185603e-01
5.444304864873996674e-01
5.578337455393189703e-01
5.663819248897645764e-01
5.765998058106841517e-01
5.871260069380647151e-01
5.934942924979720313e-01
6.009233224691054032e-01
6.077992500627906747e-01
6.172932096261183332e-01
6.231058729261809148e-01
6.288188847953736227e-01
6.328058191509562391e-01
6.374236903370636975e-01
6.446773546137205546e-01
6.468027153758572068e-01
6.519525208489784784e-01
6.552765881778879198e-01
6.595900344566322238e-01
6.640422758690222027e-01
6.668541567646378843e-01
6.712672405258292008e-01
6.755287656737382074e-01
6.781597183556792308e-01
6.816252400444737791e-01
6.867405933771095761e-01
6.889983928636821409e-01
6.923073058723768769e-01
6.964736414509240525e-01
6.974130436227992114e-01
7.018479686317348198e-01
7.050063916619015991e-01
7.069100724436061522e-01
7.097987741336428957e-01
7.123671707367966732e-01
7.145033833453974248e-01
7.159637761796686650e-01
7.170569160800617237e-01
7.208428973790212968e-01
