-1.037092896846960044e-01
2.578995237124471693e-02
3.712320723524061700e-02
8.247524723665788926e-02
9.948839244036386531e-02
1.223857061481059549e-01
1.429227046879831542e-01
1.370790946864108018e-01
1.651314297566514600e-01
1.694110793819196270e-01
1.990450169247478251e-01
1.954544931046374168e-01
2.116895793108735102e-01
2.210971529046003026e-01
2.219505381857210524e-01
2.401237322318254541e-01
2.398753832783488971e-01
2.505679229787965423e-01
2.549020921838813236e-01
2.546793824371375026e-01
2.670935260781754361e-01
2.812127606730063234e-01
2.757353939673664045e-01
2.913884273374685585e-01
2.936611110973375016e-01
2.978114745704255051e-01
3.048513475395699945e-01
3.135539282466820454e-01
3.085186357387947331e-01
3.201608940064249453e-01
3.180150273925622106e-01
3.227965218322158547e-01
3.279254810153389710e-01
3.316070621969324783e-01
3.317577197016852719e-01
3.388442912649684002e-01
3.374022448277215758e-01
3.402321856427039659e-01
3.350115638249926975e-01
3.401280565970222214e-01
3.431302729301662358e-01
3.373769737159149629e-01
3.392201801093838176e-01
3.456535445020639252e-01
3.429309880656985499e-01
3.471124954185827449e-01
3.433117817064412214e-01
3.444589283069813268e-01
3.555398229442028879e-01
3.489942211088159496e-01
