1.294381864263591253e-01
1.338256829062239306e-01
1.334117150098564630e-01
1.308039988735575920e-01
1.326851591101106120e-01
1.318079414249513637e-01
1.340833568009015542e-01
1.363925654745153371e-01
1.381822021965653513e-01
1.405575894114340918e-01
1.422866798085049012e-01
1.438144184736699360e-01
1.461165868769370713e-01
1.480568853843995392e-01
1.507152914671931743e-01
1.524711348915807618e-01
1.557702055758959647e-01
1.555941988172355461e-01
1.593185018304724421e-01
1.603717262742898608e-01
1.628273725711084641e-01
1.648014643762349130e-01
1.667811883976368370e-01
1.677274007321915561e-01
1.692157138834164409e-01
1.705716699521307445e-01
1.719374823993276846e-01
1.737749929597332821e-01
1.744015770205613602e-01
1.752450014080578766e-01
1.767192340185906319e-01
1.784877499296014525e-01
1.781807941425004593e-01
1.788693325823746683e-01
1.811025063362483034e-01
1.823387778090726774e-01
1.823556744579038491e-01
1.828484933821514224e-01
1.833849619825455857e-01
1.842016333427249353e-01
1.845733596170140156e-01
1.860433680653390542e-01
1.856026471416550860e-01
1.868107575330949510e-01
1.875640664601571084e-01
1.872106448887702890e-01
1.878470853280825026e-01
1.884708532807708725e-01
1.880413967896427951e-01
1.890115460433741401e-01
1.893339904252377415e-01
1.901745987045965203e-01
1.897887918896140891e-01
1.902506336243380003e-01
1.908279357927402109e-01
1.909546606589757056e-01
1.917178259645236360e-01
1.916882568290683986e-01
1.923218811602429024e-01
1.925204167840103842e-01
1.933835539284766980e-01
1.930470290059203287e-01
1.934666291185650477e-01
1.935849056603841101e-01
1.942861165868842721e-01
1.948085046465848347e-01
1.949056603773645091e-01
1.938538439876149599e-01
1.951379892987948894e-01
1.957744297381078802e-01
1.948479301605239578e-01
1.958138552520480025e-01
1.957462686567233434e-01
1.967544353703243321e-01
1.963967896367279919e-01
1.960954660659026128e-01
1.970501267248719601e-01
1.978076598141432219e-01
1.975598422979512048e-01
1.980892706279988869e-01
1.983215995494284345e-01
1.983215995494293504e-01
1.983582089552310135e-01
1.981822021965709557e-01
1.986384117150160888e-01
1.982131793860948954e-01
2.001056040552018078e-01
1.998549704308711927e-01
1.993832723176632016e-01
2.000422416220845045e-01
2.000056322162842848e-01
1.996803717262806144e-01
2.006110954660731693e-01
1.997803435651988868e-01
2.004590256265907644e-01
1.999845114052437867e-01
2.009152351450368412e-01
2.003337088144250544e-01
2.004379048155524590e-01
2.007293720078918431e-01
