7.113413920504807475e-02
6.451606730649457611e-02
6.249771390617246680e-02
6.005997872035179208e-02
5.869393797932997286e-02
5.710522069998041211e-02
5.602812557618998962e-02
5.457985904839264546e-02
5.363678124308939033e-02
5.342708023253982252e-02
5.294606457712382197e-02
5.227508861020471742e-02
5.141512330996214630e-02
5.168511526736282308e-02
5.197127067522536864e-02
5.095530888782097423e-02
5.139024781625298882e-02
5.101460968998409312e-02
5.091654305406928538e-02
5.029104938785705636e-02
5.009280331432819366e-02
4.998022260574194048e-02
4.828805112715303660e-02
4.873794337084307732e-02
4.832860139700082686e-02
4.820023779068472597e-02
4.786770131725531091e-02
4.700266985365977868e-02
4.705274620881447212e-02
4.661177421683037475e-02
4.705578675107843084e-02
4.621484960545096943e-02
4.604730644875024148e-02
4.597489337420322675e-02
4.531494315338910339e-02
4.487966342702420092e-02
4.452105334921348939e-02
4.473063323272050140e-02
4.384639136184602382e-02
4.325963561175137639e-02
4.335355053286580468e-02
4.319801201393618645e-02
4.315917644671787151e-02
4.336403038066167365e-02
4.276820199464904937e-02
4.250821450273313540e-02
4.224247011471782276e-02
4.169463580088502569e-02
4.110583138360074384e-02
4.083392807673773273e-02
