6.936800867848141872e-02
6.101069318340022335e-02
6.013897741378764622e-02
5.779968698084707313e-02
5.676886977175989168e-02
5.546793006580962027e-02
5.415809553491293671e-02
5.426747381643078072e-02
5.271618720695112059e-02
5.220471717108636500e-02
5.066577779382643726e-02
5.056435967514500557e-02
4.965414684376067561e-02
4.935171404445665155e-02
4.890329891143466168e-02
4.823796535957847187e-02
4.795565773573147450e-02
4.727747279202797193e-02
4.700150187595708573e-02
4.651864611450031578e-02
4.603424186669510809e-02
4.541897575354435224e-02
4.533099240937529112e-02
4.474634705827786052e-02
4.447549686232615124e-02
4.440824781164262602e-02
4.386902478187394705e-02
4.329318998480689851e-02
4.360103298573804464e-02
4.288933485658211198e-02
4.274914238447621168e-02
4.274664499615071084e-02
4.263351066313551818e-02
4.226115689827845967e-02
4.203649904556881062e-02
4.170943838516635860e-02
4.169914075696962152e-02
4.162181427801502076e-02
4.169252642689372235e-02
4.152422133811126820e-02
4.130074767583220841e-02
4.156051842859510848e-02
4.156215368775573876e-02
4.120777914377712209e-02
4.131071403975317136e-02
4.115425310367663153e-02
4.129418522428125737e-02
4.146418356772005320e-02
4.060227618988096476e-02
4.078117605938008650e-02
