7.176439016616556477e-02
6.449626562510721306e-02
6.142480722105009283e-02
5.966657721961038385e-02
5.819141684022880595e-02
5.667177896351503763e-02
5.627786335066931045e-02
5.498815380786297585e-02
5.515489827554959784e-02
5.442545025129995329e-02
5.439480806331662560e-02
5.459538698416842306e-02
5.421847149112520720e-02
5.421059115751255403e-02
5.377701139793945873e-02
5.379068054611513272e-02
5.348353210241484079e-02
5.355387961370704913e-02
5.318940535584498058e-02
5.257972864401058016e-02
5.291261487590843277e-02
5.251511032059347911e-02
5.233987772385396975e-02
5.187467939754914631e-02
5.260032787919044495e-02
5.191135816496504629e-02
5.160148302919766172e-02
5.113842236925159046e-02
5.126713487435374805e-02
5.072447758983578137e-02
5.036418443027685515e-02
4.981869401840063188e-02
5.016892040754563492e-02
4.959616808981232722e-02
4.951073999720564944e-02
4.902481167582718041e-02
4.923921696753544297e-02
4.879607632756233215e-02
4.884732086982952748e-02
4.876442099287665172e-02
4.801512916280320509e-02
4.779583233348011495e-02
4.811023929591715098e-02
4.691709558198437630e-02
4.677167939319765849e-02
4.596157004979587596e-02
4.591336410999651008e-02
4.495965217697549948e-02
4.530693509081411968e-02
4.483666658930524768e-02
