6.732672146527018953e-02
6.056835273137459175e-02
5.684858722579196749e-02
5.597306501406889429e-02
5.380224248052701413e-02
5.239039409310507212e-02
5.181649490397357422e-02
5.100617116901295933e-02
5.009444758913220858e-02
4.934511674270474629e-02
4.766197272262277101e-02
4.697123378206639888e-02
4.599501886928575312e-02
4.554541565521934288e-02
4.469226581766407719e-02
4.328291745272261348e-02
4.370686265270738030e-02
4.289688392591899796e-02
4.157541153302207054e-02
4.092622807348621217e-02
3.994273510072710726e-02
3.924828377612948893e-02
3.904027638394804572e-02
3.771992829027612931e-02
3.787210472368982700e-02
3.624806280892629157e-02
3.527279306181083790e-02
3.487421499466049346e-02
3.418874264468808183e-02
3.360597136259608347e-02
3.260397460289608113e-02
3.186732839197801981e-02
3.059203614144635763e-02
3.035784206358638909e-02
2.955819488387312344e-02
2.873861131715704093e-02
2.807557419184926115e-02
2.677413822873633137e-02
2.692051646272106136e-02
2.578905341077662033e-02
2.534081594544578681e-02
2.458811853323462568e-02
2.390471948365840635e-02
2.359441827607930767e-02
2.309582587441749019e-02
2.286895688557060574e-02
2.227130752145009551e-02
2.222746120181661941e-02
2.171652221269685171e-02
2.077308611272002045e-02
