5.537481047947848817e-02
4.614008383189844437e-02
4.404321367828509942e-02
4.277449346255856460e-02
4.112455847487588717e-02
4.023408390860820638e-02
3.921604858200695987e-02
3.803136315071841550e-02
3.740258508635578572e-02
3.635569580020548558e-02
3.562714284307946094e-02
3.470173245112189581e-02
3.370952875678532440e-02
3.278575947827841452e-02
3.210432687498761262e-02
3.133200689841657283e-02
3.056169292086797704e-02
3.008231021926776813e-02
2.956342100325597133e-02
2.899588819655646646e-02
2.838572480805820822e-02
2.792045442365418545e-02
2.744356517016858371e-02
2.708034125786766902e-02
2.677803456735534590e-02
2.639492104450861729e-02
2.607041732747937893e-02
2.573969161424499372e-02
2.544852183705574242e-02
2.517515039200025548e-02
2.481060362461388544e-02
2.464673777351512191e-02
2.430155568276724798e-02
2.401992569115431533e-02
2.381790061233311773e-02
2.353910931718537422e-02
2.316666504963350859e-02
2.297153699173200628e-02
2.276270638662711981e-02
2.245116142392584654e-02
2.228351868137981931e-02
2.197511672984654371e-02
2.179459404453811672e-02
2.160517998081971924e-02
2.142587079275289075e-02
2.120410759531005454e-02
2.106780637215448226e-02
2.088109183876501670e-02
2.083977266339698958e-02
2.058894991465059707e-02
