6.817605979776288905e+01
6.812227020974361835e+01
6.810493805586570204e+01
6.808791025906540995e+01
6.806654067274148190e+01
6.803654010007663544e+01
6.802500792475056812e+01
6.800007602125951678e+01
6.797459051613067516e+01
6.794753315657905546e+01
6.792400257146314857e+01
6.790335044810315424e+01
6.787793360774331575e+01
6.784797106149061108e+01
6.782110054890426909e+01
6.779376346971477574e+01
6.776748055183561803e+01
6.774806848540167437e+01
6.772123157109417946e+01
6.770238550199954375e+01
6.767787090987093279e+01
6.763806686279505698e+01
6.762688714067756734e+01
6.760708492915416912e+01
6.758959870192742869e+01
6.756834672928124519e+01
6.754902796421679056e+01
6.753648296506328563e+01
6.751965825262622900e+01
6.750001364100386070e+01
6.749173334352535392e+01
6.747773684122736881e+01
6.746377171630155090e+01
6.745091037141273205e+01
6.744145548417513680e+01
6.742773935312084177e+01
6.741979188493223774e+01
6.740063969424596735e+01
6.738640331376005577e+01
6.737980531659202654e+01
6.737477656287043715e+01
6.736942888185343747e+01
6.736090733774344130e+01
6.735113243550121354e+01
6.733897171194907116e+01
6.733111282816338417e+01
6.733319415924617601e+01
6.731123812293139963e+01
6.731642693919015130e+01
6.731000845263085353e+01
6.729997640922015023e+01
6.729483385374430782e+01
6.727822834414449460e+01
6.727869165561394027e+01
6.727936288398005615e+01
6.727350470609175659e+01
6.726318836665362255e+01
6.725729160923515337e+01
6.725984961793174932e+01
6.724804053983699248e+01
6.724867095102293035e+01
6.724273886538935585e+01
6.723376901409586992e+01
6.723044037390883432e+01
6.722680057435430001e+01
6.721673165961273355e+01
6.722456876835799733e+01
6.722061556700215590e+01
6.721130351245118106e+01
6.721428618972250035e+01
6.720517316785405626e+01
6.720460265283180945e+01
6.720049923320986807e+01
6.719256708829109925e+01
6.719336626438045812e+01
6.719581174467758444e+01
6.718255593487323551e+01
6.718559793932811885e+01
6.717660037229444470e+01
6.718353474544693427e+01
6.717693806928301115e+01
6.717475777111634727e+01
6.717135292590420192e+01
6.717018289629488947e+01
6.716689158571971063e+01
6.716603106560756942e+01
6.715857337995571186e+01
6.716225067823411621e+01
6.715704665070552437e+01
6.714393483571890897e+01
6.715372993346169039e+01
6.714491721845888605e+01
6.714294175343323445e+01
6.713485270604319055e+01
6.714857484053236192e+01
6.714253446957454230e+01
6.713831327832507156e+01
6.714037103573727450e+01
6.713543079581538109e+01
6.713824717167968004e+01
