6.819086703682442874e+01
6.812856380342262241e+01
6.811209611130982466e+01
6.809476157891116088e+01
6.807014846442551459e+01
6.803642361873608024e+01
6.802185027417129959e+01
6.799294368540424216e+01
6.796251973310882022e+01
6.792580500710886326e+01
6.789862188763163431e+01
6.787166636511662432e+01
6.784133592715433281e+01
6.780262884070455698e+01
6.777363140703556610e+01
6.774035860089072969e+01
6.770993796084101746e+01
6.768857766325726288e+01
6.766166110008208534e+01
6.763862810624011956e+01
6.761401430758513698e+01
6.756965496562897044e+01
6.755930917149225934e+01
6.753674456768389689e+01
6.751719535366477487e+01
6.749642106990550872e+01
6.747499458863177324e+01
6.746521239657027991e+01
6.744740481453524694e+01
6.742809619241552355e+01
6.741632961918017486e+01
6.740424378040439990e+01
6.738878125944327735e+01
6.737238041030558122e+01
6.736547163827961526e+01
6.735358570611366247e+01
6.734153179946464718e+01
6.732122294535538742e+01
6.730834649964407390e+01
6.730198069714519704e+01
6.729813998432368294e+01
6.729024665697178875e+01
6.728081519991134485e+01
6.727076923753200788e+01
6.726207401101999039e+01
6.725088631509224513e+01
6.725301171467022243e+01
6.723281706023202275e+01
6.723535826066218135e+01
6.723250623955017602e+01
