6.490494694406463705e-02
5.609268839498596226e-02
5.572306400043724323e-02
5.269054669512093780e-02
5.157185661105009172e-02
5.030548141596938305e-02
4.974180937210131298e-02
4.922752233343364453e-02
4.812438557883338963e-02
4.701143265123197690e-02
4.562110599328780131e-02
4.539165152071495540e-02
4.406050955270521957e-02
4.302394808925820435e-02
4.246910079520129638e-02
4.157970906317939169e-02
4.079671001293250221e-02
4.053423737765416562e-02
3.949013824117254129e-02
3.912318047114025227e-02
3.800343250381876120e-02
3.723535101486027954e-02
3.729311558665961146e-02
3.642267065905255286e-02
3.570407342452269067e-02
3.519382943900731947e-02
3.430228432386937115e-02
3.409808629451419049e-02
3.338444204284594929e-02
3.279304704987085622e-02
3.239188314079356756e-02
3.172724474684374130e-02
3.099289300063481564e-02
3.027849350146640667e-02
2.993045123459319237e-02
2.925468037819721132e-02
2.869202891507973904e-02
2.796548246213141284e-02
2.776190798906003065e-02
2.676700857418352203e-02
2.651061928285473185e-02
2.632487452859003790e-02
2.536285948559377154e-02
2.490073796251469213e-02
2.450171389104522854e-02
2.414986167169181491e-02
2.377823994842153885e-02
2.365288672935680556e-02
2.307919292165153818e-02
2.271223496425257490e-02
