6.871838111298464447e-02
1.016947723440132789e-01
1.090134907251264496e-01
1.153119730185496877e-01
1.198482293423270423e-01
1.241146711635751076e-01
1.274198988195614224e-01
1.313996627318718968e-01
1.341315345699831407e-01
1.348566610455310955e-01
1.359021922428328977e-01
1.398145025295109145e-01
1.385160202360878057e-01
1.400168634064080098e-01
1.408178752107927811e-01
1.409527824620575021e-01
1.417706576728501311e-01
1.430944350758852068e-01
1.446205733558179607e-01
1.451264755480605739e-01
1.443170320404719986e-01
1.479595278246205181e-01
1.471500843170319150e-01
1.487521079258007917e-01
1.486762225969646967e-01
1.494097807757164831e-01
1.503878583473864106e-01
1.523693086003370945e-01
1.541146711635749122e-01
1.549915682967959452e-01
1.555059021922426121e-01
1.554300168634062673e-01
1.580522765598647850e-01
1.593676222596963898e-01
1.607672849915684488e-01
1.623440134907250254e-01
1.648397976391229591e-01
1.654131534569980300e-01
1.669814502529508582e-01
1.698819561551430934e-01
1.710876897133220276e-01
1.727824620573357450e-01
1.757419898819559123e-01
1.783642495784149018e-01
1.783305227655986036e-01
1.829679595278244641e-01
1.849831365935916683e-01
1.872259696458683786e-01
1.910286677908934749e-01
1.921163575042153793e-01
1.946627318718378019e-01
1.967875210792578433e-01
2.017790893760535442e-01
2.046711635750420588e-01
2.076138279932542852e-01
2.117116357504212065e-01
2.149999999999998024e-01
2.176897133220908886e-01
2.199831365935915606e-01
2.257925801011803624e-01
2.285075885328836376e-01
2.314755480607079974e-01
2.358516020236086086e-01
2.391652613827991991e-01
2.436509274873519815e-01
2.467875210792578600e-01
2.507672849915679736e-01
2.557757166947722816e-01
2.584569983136592031e-01
2.651854974704888623e-01
2.685497470489034422e-01
2.704890387858345790e-01
2.762647554806069716e-01
2.806155143338956437e-01
2.852951096121415508e-01
2.891989881956151809e-01
2.924620573355816155e-01
2.977150084317030654e-01
3.021247892074203634e-01
3.061635750421587421e-01
3.093591905564924138e-01
3.144688026981453666e-01
3.181112984822928036e-01
3.249831365935912375e-01
3.271922428330522603e-01
3.320826306913995940e-01
3.364671163575047030e-01
3.405902192242831195e-01
3.430944350758856065e-01
3.463912310286679230e-01
3.527234401349079729e-01
3.550084317032037307e-01
3.587099494097807928e-01
3.637858347386169200e-01
3.669392917369311835e-01
3.701180438448563592e-01
3.742664418212479083e-01
3.788954468802704367e-01
3.816610455311970074e-01
3.842748735244516101e-01
