9.497041420118326749e-02
1.264497041420119816e-01
1.357058326289097006e-01
1.399492814877433267e-01
1.404142011834321191e-01
1.391377852916312330e-01
1.413524936601860127e-01
1.416398985629755969e-01
1.421048182586643893e-01
1.420371935756551685e-01
1.430262045646660818e-01
1.430853761622991882e-01
1.443026204564666626e-01
1.438630600169061580e-01
1.436517328825022422e-01
1.443533389687236546e-01
1.457480980557904204e-01
1.454522400676244998e-01
1.462214708368557714e-01
1.457650042265426771e-01
1.460355029585801157e-01
1.466779374471682829e-01
1.471513102282330232e-01
1.475824175824174411e-01
1.469568892645815861e-01
1.482755705832629056e-01
1.469907016060860161e-01
1.473710904480134143e-01
1.470498732037192890e-01
1.480388841927301746e-01
1.473288250211325645e-01
1.482502113271345068e-01
1.486982248520712369e-01
1.486728655959427547e-01
1.488165680473373387e-01
1.481065088757398673e-01
1.492307692307692779e-01
1.504733727810649291e-01
1.509044801352495413e-01
1.513186813186813695e-01
1.507607776838547353e-01
1.504226542688081869e-01
1.512172442941672745e-01
1.524852071005914633e-01
1.518005071851224186e-01
1.529501267962804500e-01
1.519442096365172801e-01
1.540997464074386480e-01
1.539391377852915854e-01
1.546069315300086788e-01
