8.642495784148394866e-02
1.087436762225969106e-01
1.139881956155143067e-01
1.172259696458683720e-01
1.205564924114671532e-01
1.238617200674535651e-01
1.288532883642495575e-01
1.307925801011803335e-01
1.348650927487351492e-01
1.356408094435076761e-01
1.378667790893760570e-01
1.390978077571672633e-01
1.400674536256324154e-01
1.417369308600336109e-01
1.411720067453627880e-01
1.425042158516020008e-01
1.441568296795951720e-01
1.429005059021922763e-01
1.440725126475549678e-01
1.466441821247890798e-01
1.463659359190558895e-01
1.466357504215851926e-01
1.476812816188872446e-01
1.464839797639122809e-01
1.478330522765597677e-01
1.493086003372676995e-01
1.494013490725125681e-01
1.519898819561552317e-01
1.516188870151769508e-01
1.542917369308601794e-01
1.570826306913994941e-01
1.569477234401348009e-01
1.592074198988195910e-01
1.609106239460369459e-01
1.629258010118043720e-01
1.651686340640811379e-01
1.675632377740301771e-01
1.702445193929174316e-01
1.719561551433387570e-01
1.767790893760539106e-01
1.795446880269815082e-01
1.825042158516019530e-01
1.864924114671162314e-01
1.905564924114670489e-01
1.933895446880267432e-01
1.972259696458683043e-01
2.024367622259695687e-01
2.052613827993252649e-01
2.121922428330521304e-01
2.138195615514331127e-01
2.212310286677906523e-01
2.253878583473858388e-01
2.312984822934229245e-01
2.370826306913995374e-01
2.405143338954472687e-01
2.472259696458690703e-01
2.522765598650923424e-01
2.581365935919049392e-01
2.626138279932546116e-01
2.680775716694775990e-01
2.735497470489036687e-01
2.793001686340641498e-01
2.849747048903876201e-01
2.891062394603710062e-01
2.940556492411466882e-01
3.020573355817876560e-01
3.075885328836422405e-01
3.140219224283311017e-01
3.181618887015176256e-01
3.252782462057330348e-01
3.294603709949409098e-01
3.356070826306916666e-01
3.402782462057333257e-01
3.479089376053961513e-01
3.531618887015172681e-01
3.576981450252955108e-01
3.636509274873527264e-01
3.685581787521076680e-01
3.745193929173685765e-01
3.808178752107928555e-01
3.853204047217539396e-01
3.906155143338954083e-01
3.965598650927487090e-01
4.010455311973023518e-01
4.060118043844853641e-01
4.103456998313653181e-01
4.153962900505908662e-01
4.203625632377739341e-01
4.277740303541319178e-01
4.305817875210793400e-01
4.360539629005054652e-01
4.401011804384492576e-01
4.433895446880272706e-01
4.476391231028667428e-01
4.529763912310289520e-01
4.569645868465433414e-01
4.620657672849925457e-01
4.626981450252954930e-01
4.675295109612138122e-01
4.728077571669478396e-01
