1.199154691462382682e-01
1.414116652578192024e-01
1.432206255283180463e-01
1.476246830092984019e-01
1.487912087912089121e-01
1.529839391377853797e-01
1.542519019442094574e-01
1.608030431107357328e-01
1.647168216398985641e-01
1.690870667793741289e-01
1.758664412510564656e-01
1.807523245984784810e-01
1.873288250211325723e-01
1.932797971259509473e-01
2.017159763313605414e-01
2.100084530853760234e-01
2.189940828402365258e-01
2.292561284868976645e-01
2.404226542688077395e-01
2.533558748943361971e-01
2.656128486897720853e-01
2.819103972950126047e-01
2.932459847844464118e-01
3.088503803888418831e-01
3.221301775147930035e-01
3.337278106508878017e-01
3.484699915469143261e-01
3.597802197802192348e-01
3.710312764158920085e-01
3.818089602704992092e-01
3.910228233305153567e-01
4.033389687235846566e-01
4.137278106508872622e-01
4.227979712595098527e-01
4.315469146238373743e-01
4.386644125105670922e-01
4.487743026204560892e-01
4.550972104818252761e-01
4.641758241758242587e-01
4.686306001690619949e-01
4.777599323753170535e-01
4.818258664412507497e-01
4.889264581572281276e-01
4.908960270498733403e-01
4.994759087066778513e-01
5.043617920540999222e-01
5.083939137785287166e-01
5.117497886728654688e-01
5.179881656804741219e-01
5.239306846999162159e-01
5.281403212172449679e-01
5.315384615384615152e-01
5.364327979712590899e-01
5.383178360101432691e-01
5.422569737954352487e-01
5.455283178360099683e-01
5.487235841081986587e-01
5.558495350803041024e-01
5.580896027049871977e-01
5.589095519864751838e-01
5.600253592561283966e-01
5.648436179205411634e-01
5.659509721048182618e-01
5.688588334742178398e-01
5.713440405748094753e-01
5.744463229078606847e-01
5.790786136939979345e-01
5.816398985629760432e-01
5.808706677937452989e-01
5.842688081149628454e-01
5.849112426035515400e-01
5.855705832628907981e-01
5.901690617075232570e-01
5.921978021978016038e-01
5.921470836855451392e-01
5.946491969568901137e-01
6.000676246830085603e-01
6.012256973795431225e-01
6.004564666103140436e-01
5.989180050718508896e-01
6.034488588334737669e-01
6.036855452240081910e-01
6.077430262045645515e-01
6.095857988165679364e-01
6.116483516483508520e-01
6.094843617920531198e-01
6.124767540152159517e-01
6.125866441251056616e-01
6.155705832628909357e-01
6.188503803888415478e-01
6.192307692307684741e-01
6.180388841927306753e-01
6.175908706677940563e-01
6.211242603550292118e-01
6.234657650042267907e-01
6.241251056635672700e-01
6.214877430262040203e-01
6.201437024513950513e-01
6.233727810650881995e-01
6.294843617920546919e-01
6.285038038884188660e-01
6.270667793744716390e-01
6.326120033812331345e-01
6.304395604395609531e-01
6.339475908706684315e-01
6.343617920540999267e-01
6.314285714285714501e-01
6.376584953508031006e-01
6.350126796280642916e-01
6.361031276415893831e-01
6.372358410819958241e-01
6.382671174978861162e-01
6.411580726965353527e-01
6.387235841081990717e-01
6.379543533389697707e-01
6.420879120879126045e-01
6.426120033812340315e-01
6.448943364327983652e-01
6.405409974640742243e-01
6.425190194420952183e-01
6.448689771766681345e-01
6.434065934065924530e-01
6.486052409129340335e-01
6.481403212172446304e-01
6.479712595097208983e-01
6.445646661031275704e-01
6.471935756551141505e-01
6.482755705832639048e-01
6.471259509721059011e-01
6.518596787827560801e-01
6.454691462383773670e-01
6.468808114961954736e-01
6.490701606086229924e-01
6.517159763313616905e-01
6.541166525781926255e-01
6.537278106508871423e-01
6.532375316990711722e-01
6.552071005917158297e-01
6.522316145393075582e-01
6.535587489433630770e-01
6.550211327134408679e-01
6.507945900253585547e-01
6.557396449704139263e-01
6.580388841927304888e-01
6.550380388841935408e-01
6.552747252747250784e-01
6.554099746407434646e-01
6.595688926458154189e-01
6.595688926458153079e-01
6.569991546914634162e-01
