1.105748098055788220e-01
1.346069315300084390e-01
1.417159763313610155e-01
1.434488588334744130e-01
1.453085376162299713e-01
1.472442941673712813e-01
1.508875739644969516e-01
1.528909551986477600e-01
1.558072696534232027e-01
1.597041420118344712e-01
1.627810650887572819e-01
1.658326289095519435e-01
1.703465765004225085e-01
1.752155536770922950e-01
1.786982248520709027e-01
1.830346576500420652e-01
1.877261200338125324e-01
1.965173288250212369e-01
1.993237531699068033e-01
2.063651732882500200e-01
2.160185967878275604e-01
2.204311073541837251e-01
2.295097210481822914e-01
2.378698224852071330e-01
2.453677092138626115e-01
2.542772612003383337e-01
2.631445477599324567e-01
2.739222316145394354e-01
2.826965342349954113e-01
2.936094674556212203e-01
3.012087912087910158e-01
3.106677937447168136e-01
3.228909551986479665e-01
3.302535925612845591e-01
3.397125950972106345e-01
3.495266272189347934e-01
3.559932375316988695e-01
3.665342349957732559e-01
3.753761622992388691e-01
3.818343195266269419e-01
3.898140321217243298e-01
3.964750633981404260e-01
4.065257819103972881e-01
4.145477599323751372e-01
4.195604395604393688e-01
4.254099746407439264e-01
4.329670329670333162e-01
4.380050718512260577e-01
4.447421808960268508e-01
4.494928148774297028e-01
4.556551141166522712e-01
4.598478444632295714e-01
4.656720202874053971e-01
4.727726120033819979e-01
4.773203719357564379e-01
4.812679628064250315e-01
4.844632290786141660e-01
4.888419273034660395e-01
4.943786982248516981e-01
4.979966187658499410e-01
5.036517328825029782e-01
5.048520710059174466e-01
5.103296703296705816e-01
5.136348267117502031e-01
5.174471682163994668e-01
5.203465765004224863e-01
5.248943364327977035e-01
5.278951817413353176e-01
5.290532544378691027e-01
5.336517328825022277e-01
5.375147928994081781e-01
5.400084530853757059e-01
5.448267117497880285e-01
5.488081149619613575e-01
5.518596787827555472e-01
5.511834319526635051e-01
5.534234995773450461e-01
5.573710904480142503e-01
5.584784446322910156e-01
5.636179205409964643e-01
5.638630600169056706e-01
5.685545224006761655e-01
5.711665257819096286e-01
5.735925612848680188e-01
5.747252747252744598e-01
5.737700760777688647e-01
5.800760777683857672e-01
5.805494505494500634e-01
5.817836010143697667e-01
5.851817413355874242e-01
5.867540152155521493e-01
5.892983939137779181e-01
5.907269653423496969e-01
5.906170752324594320e-01
5.947252747252743665e-01
5.954353338968728648e-01
5.997464074387145461e-01
5.993913778529169623e-01
5.990109890109888147e-01
6.018934911242606045e-01
6.057058326289095351e-01
6.057311918850375454e-01
6.054522400676245475e-01
6.065595942519019790e-01
6.107016060862211493e-01
6.138461538461542633e-01
6.133643279797127423e-01
6.128655959425194366e-01
6.165257819103976411e-01
6.154522400676246674e-01
6.186728655959422563e-01
6.221808960270494016e-01
6.205832628909560000e-01
6.223584108199480269e-01
6.220033812341513313e-01
6.244294167371101656e-01
6.256720202874039849e-01
6.268977176669467966e-01
6.261876584953506297e-01
6.264919695688920820e-01
6.289602704987325987e-01
6.325950972104812386e-01
6.314032121724425517e-01
6.324344885883351752e-01
6.329585798816573794e-01
6.326120033812342447e-01
6.329923922231618372e-01
6.358833474218089643e-01
6.389349112426037092e-01
6.380896027049883790e-01
6.379881656804730072e-01
6.389602704987324966e-01
6.419949281487741244e-01
6.436010143702455277e-01
6.434742180896030339e-01
6.454522400676249161e-01
6.462130177514788798e-01
6.443956043956041713e-01
6.453085376162307485e-01
6.482586644125101216e-01
6.480473372781069274e-01
6.491546914623849140e-01
6.483770076077769451e-01
6.518681318681315284e-01
6.516483516483516647e-01
6.533220625528319836e-01
6.533812341504648957e-01
6.530600169061701044e-01
6.523837700760787284e-01
6.526711749788682848e-01
