1.220371935756551229e-01
1.392307692307691303e-01
1.438884192730345846e-01
1.460101437024512450e-01
1.482333051563821114e-01
1.487404902789516425e-01
1.524598478444631755e-01
1.572781065088758035e-01
1.600591715976330542e-01
1.630515638207944706e-01
1.685038038884192346e-01
1.716145393068466973e-01
1.779881656804731260e-01
1.835756551141168036e-01
1.875486052409128246e-01
1.942603550295855241e-01
2.036686390532541358e-01
2.103634826711743289e-01
2.170329670329672611e-01
2.264243448858831165e-01
2.347337278106506886e-01
2.431107354184281200e-01
2.531699070160603471e-01
2.634488588334743531e-01
2.740659340659342691e-01
2.841589180050723140e-01
2.956043956043953314e-01
3.048605240912931058e-01
3.156804733727811563e-01
3.270329670329671923e-01
3.385714285714289118e-01
3.470414201183429914e-01
3.581572273879964907e-01
3.686728655959427559e-01
3.777176669484365590e-01
3.854522400676240745e-01
3.941758241758240855e-01
4.015891800507181419e-01
4.114454775993243718e-01
4.194843617920545054e-01
4.262552831783602558e-01
4.339560439560445348e-01
4.421470836855442288e-01
4.489010989010991381e-01
4.552831783601015703e-01
4.645308537616231748e-01
4.691124260355029052e-01
4.750718512256967840e-01
4.803888419273041888e-01
4.895857988165674413e-01
4.932713440405744887e-01
4.965173288250208650e-01
5.023076923076924549e-01
5.085207100591723206e-01
5.119526627218941028e-01
5.180980557903638317e-01
5.232967032967033028e-01
5.263567202028739400e-01
5.311411665257820269e-01
5.373626373626368968e-01
5.407016060862209761e-01
5.427303465765009882e-01
5.464581572273882193e-01
5.506170752324587303e-01
5.554099746407431537e-01
5.563398140321210716e-01
5.617920540997458634e-01
5.649535080304309842e-01
5.663820794590023189e-01
5.691039729501264910e-01
5.754691462383779710e-01
5.755198647506335474e-01
5.777937447168208784e-01
5.830431107354175913e-01
5.841927303465759280e-01
5.879797125950977366e-01
5.866103127641599801e-01
5.947168216398986962e-01
5.947083685545222487e-01
5.977514792899407681e-01
6.012426035502957955e-01
6.020710059171586748e-01
6.021470836855454811e-01
6.073879966187656354e-01
6.074978867286552342e-01
6.104311073541839328e-01
6.079374471682161829e-01
6.129247675401525708e-01
6.136263736263734003e-01
6.197548605240911224e-01
6.220963651732882571e-01
6.226120033812325705e-01
6.224429416737116139e-01
6.232037193575661327e-01
6.263820794590032603e-01
6.290701606086234188e-01
6.298647506339820623e-01
6.305748098055787842e-01
6.325274725274724341e-01
6.351986475063394755e-01
6.350042265426879551e-01
6.382671174978864492e-01
6.401098901098907223e-01
6.388250211327121120e-01
6.417751479289948158e-01
6.424513947590863028e-01
6.446491969568889369e-01
6.455705832628901852e-01
6.489433643279796105e-01
6.501437024513937457e-01
6.494167371090449059e-01
6.509129332206259333e-01
6.513440405748086581e-01
6.537109044801345803e-01
6.546914623837708502e-01
6.574218089602711368e-01
6.562383770076084533e-01
6.602197802197818932e-01
6.593322062552847695e-01
6.594759087066773828e-01
6.582163989856316677e-01
6.626458157227389512e-01
6.660946745562132953e-01
6.651648351648352664e-01
6.662045646661026721e-01
6.636263736263735558e-01
6.679966187658493704e-01
6.706677937447167448e-01
6.703296703296702796e-01
6.686982248520703109e-01
6.692307692307696287e-01
6.672104818258666192e-01
6.726289095519886185e-01
6.729754860524097548e-01
6.731868131868131711e-01
6.762130177514796836e-01
6.766272189349110677e-01
6.751986475063399551e-01
6.765765004226526047e-01
6.784108199492820956e-01
6.789349112426031896e-01
6.802620456466609289e-01
6.782079459002535726e-01
6.797464074387148392e-01
6.819864750633980455e-01
6.825866441251053907e-01
6.813693998309385824e-01
6.821555367709224438e-01
6.793998309382928147e-01
6.858410819949281034e-01
