1.300676246830092808e-01
1.383262890955198332e-01
1.402366863905324945e-01
1.397041420118342869e-01
1.414961961115810407e-01
1.420879120879121327e-01
1.440574809805576229e-01
1.437447168216399729e-01
1.442519019442096428e-01
1.445308537616228073e-01
1.467962806424343292e-01
1.474133558748943473e-01
1.483262890955197866e-01
1.486221470836851799e-01
1.494505494505495302e-01
1.532290786136940031e-01
1.555621301775151899e-01
1.562890955198645571e-01
1.575993237531700120e-01
1.583685545224005620e-01
1.616990701606084990e-01
1.617666948436182472e-01
1.645562130177513627e-01
1.645815722738797060e-01
1.655283178360101026e-01
1.667117497886729249e-01
1.673203719357563291e-01
1.679628064243448848e-01
1.692307692307691014e-01
1.697886728655956523e-01
1.690786136939982642e-01
1.699492814877427982e-01
1.732797971259510683e-01
1.723499577345729283e-01
1.722823330515637907e-01
1.724683009298392522e-01
1.771174978867284533e-01
1.760693153000846833e-01
1.761792054099745874e-01
1.768639053254435489e-01
1.777683854606929847e-01
1.787066779374473224e-01
1.794082840236686238e-01
1.809298393913776892e-01
1.810312764158917287e-01
1.841504649196955279e-01
1.843026204564666981e-01
1.859087066779373798e-01
1.873879966187659563e-01
1.869061707523244908e-01
