1.107692307692305922e-01
1.347590870667794427e-01
1.418681318681319636e-01
1.437024513947591509e-01
1.458072696534233603e-01
1.474133558748945694e-01
1.503550295857989105e-01
1.524175824175824923e-01
1.546830092983937921e-01
1.587743026204562757e-01
1.619357565511411190e-01
1.658918005071848556e-01
1.698647506339813207e-01
1.737109044801350421e-01
1.779289940828400751e-01
1.829416737109041957e-01
1.885545224006758558e-01
1.958918005071850210e-01
1.992730346576498945e-01
2.059932375316989028e-01
2.132375316990699488e-01
2.202789518174131378e-01
2.274725274725272472e-01
2.357396449704139973e-01
2.442519019442093431e-01
2.550211327134401795e-01
2.636770921386304423e-01
2.734742180896022057e-01
2.820963651732882882e-01
2.920456466610312218e-01
2.991715976331363325e-01
3.104480135249361172e-01
3.201775147928987986e-01
3.285291631445477756e-01
3.402197802197804433e-01
3.501352493660185861e-01
3.569315300084527909e-01
3.663482671174978500e-01
3.758241758241756547e-01
3.811580726965344001e-01
3.891885038038880307e-01
3.974387151310225241e-01
4.041589180050719765e-01
4.140236686390531551e-01
4.187573964497042778e-01
4.252916314454776026e-01
4.319611158072708679e-01
4.374471682163987851e-01
4.441081994928150478e-01
4.473541842772612021e-01
