-4.764503051106514064e+00
-2.483424289259101414e+00
-2.012673536674481234e+00
-1.559003361486022810e+00
-1.035802109828045658e+00
-7.683678462740434201e-01
-6.058986544154849607e-01
-5.256064972436810256e-01
-4.439525809249059707e-01
-3.961348551369088256e-01
-3.628448253251886357e-01
-3.371044372337737016e-01
-3.107610552897681067e-01
-2.892633034154725169e-01
-2.720277293674784880e-01
-2.535468927696721275e-01
-2.354833208779666953e-01
-2.310928680024459392e-01
-2.137824100031154029e-01
-2.130666110433499794e-01
-2.086191259843276635e-01
-1.950586072157982076e-01
-1.861926284652322405e-01
-1.906210702266523394e-01
-1.832571143935312064e-01
-1.851546936088705742e-01
-1.748849791026053646e-01
-1.710005879770004067e-01
-1.626596486625889737e-01
-1.633893820829913357e-01
-1.564549465001816853e-01
-1.587712157491414644e-01
-1.552974606456656859e-01
-1.617066827885731140e-01
-1.509652583467376019e-01
-1.510013143203171315e-01
-1.522730693884690178e-01
-1.506930511246050985e-01
-1.478709256390222937e-01
-1.470929566622589391e-01
-1.496506478627562808e-01
-1.494586906682260352e-01
-1.460596758607605183e-01
-1.420240968789717451e-01
-1.430239974776383316e-01
-1.417165665719857526e-01
-1.463213847180588056e-01
-1.442841923711618290e-01
-1.464580946055152044e-01
-1.449721742336420038e-01
