5.676121060040071598e+02
5.671114759856326373e+02
5.673228708365562625e+02
5.671587261544982539e+02
5.671072385679940453e+02
5.668449575499972752e+02
5.667959375131563320e+02
5.668464962789191759e+02
5.667419790717775641e+02
5.666356462557640725e+02
5.664503007567947179e+02
5.663203353269162790e+02
5.662899164375569399e+02
5.662777533817371705e+02
5.661515466298275214e+02
5.663924553388271761e+02
5.661186010114035980e+02
5.659443745649374478e+02
5.658422782878601538e+02
5.657231504677315570e+02
5.657058201497223990e+02
5.655670713229594639e+02
5.656313787187848448e+02
5.653434699083522901e+02
5.652538250062996212e+02
5.650515430576198241e+02
5.650705485049688832e+02
5.648744973950938402e+02
5.647947292859938671e+02
5.647350917180916667e+02
5.646758406180400698e+02
5.644764915363120963e+02
5.643426618148790794e+02
5.642202713161026395e+02
5.641800046229100190e+02
5.639840462846667606e+02
5.639270133681953894e+02
5.637728490047503556e+02
5.637597495987570255e+02
5.637991122764142347e+02
5.634748049661051255e+02
5.634646326711595066e+02
5.635231766495176089e+02
5.634346641772698376e+02
5.631819839187324988e+02
5.631368078907364634e+02
5.631441531499764324e+02
5.631876107745521267e+02
5.630355309351762116e+02
5.630284358723528157e+02
5.628084483432850220e+02
5.627814673732522124e+02
5.628514838843454982e+02
5.628374240162607975e+02
5.625663304429687059e+02
5.626586060511895084e+02
5.625665419281083359e+02
5.625842502171572050e+02
5.626323228031523058e+02
5.626003523267937680e+02
5.623589180408648645e+02
5.623830477987822860e+02
5.624831477122496608e+02
5.624641640148017814e+02
5.623109714559650456e+02
5.621799950829422414e+02
5.622137377006163206e+02
5.621839855610064660e+02
5.621383530591770068e+02
5.619363437178571985e+02
5.621399339496938410e+02
5.620550800075192228e+02
5.619246117824834528e+02
5.619403767202833251e+02
5.620848664890783084e+02
5.617112371262512625e+02
5.618224070783600155e+02
5.618813305675025731e+02
5.618590203202184057e+02
5.617384602150872297e+02
5.618924716036901827e+02
5.616241630979845922e+02
5.617081978798718183e+02
5.618543651642078203e+02
5.617485647451444493e+02
5.617219275896164845e+02
5.615155464133667920e+02
5.616824515915884604e+02
5.616267152126824840e+02
5.615859960360942296e+02
5.615319780525471742e+02
5.616722566599777338e+02
5.616372744833525985e+02
5.616806405293971238e+02
5.614298156390025270e+02
5.616268503635693605e+02
5.615733300158258317e+02
5.616007063858406809e+02
5.614894085543093070e+02
5.614851514505110117e+02
5.615413216343393970e+02
5.614575143880191490e+02
5.614635065260924875e+02
5.614892139741151595e+02
5.613922356632132278e+02
5.612821069170838655e+02
5.613167596367185297e+02
5.613907998956468646e+02
5.613890233366346365e+02
5.613320702611644037e+02
5.612952945963971843e+02
5.613496321535473044e+02
5.613322944431514543e+02
5.613529920537695261e+02
5.613465398706224505e+02
5.611826352355647032e+02
5.613841111803095600e+02
5.610660121527548654e+02
5.611957138912816845e+02
5.612913527533046363e+02
5.612450139681766359e+02
5.610061163591915374e+02
5.611295349559638908e+02
5.610666018427174322e+02
5.612279804581216922e+02
5.612258591736562039e+02
5.609353833589530041e+02
5.611415712609698403e+02
5.612115183948765207e+02
5.611750188522789813e+02
5.611696542206198046e+02
5.611317882553964864e+02
5.610683028736259530e+02
5.612169924370837180e+02
5.611368113217067730e+02
5.611098799782089372e+02
5.610024020758505685e+02
5.609962044826323790e+02
5.612694150758616161e+02
5.611757835652600761e+02
5.610404119386777211e+02
5.610799964524283041e+02
5.609797300772453355e+02
5.611922486757486013e+02
5.610549514654422865e+02
5.609726922590654112e+02
5.609792725796025934e+02
5.610754886282165899e+02
5.610183403356943472e+02
5.609881187271286080e+02
