5.678350979376928080e+02
5.672400100656413997e+02
5.670882083315619866e+02
5.669857561154982477e+02
5.670359162486214473e+02
5.668694165956137567e+02
5.668265943938357623e+02
5.667975824038455812e+02
5.666698235409398876e+02
5.665568164719028346e+02
5.665056609140043520e+02
5.662753181667118270e+02
5.663941615210280816e+02
5.662245904562943224e+02
5.661575807198970551e+02
5.659945250484566941e+02
5.659049447511880544e+02
5.656834793090820312e+02
5.656641682667542455e+02
5.652355147173922205e+02
5.654512903595615398e+02
5.652606482356660536e+02
5.650786241997326442e+02
5.649317564363713018e+02
5.646596212862713173e+02
5.645484892231673939e+02
5.644905418273461919e+02
5.643899059053809424e+02
5.641901646321442740e+02
5.639347168478236654e+02
5.639148253459397893e+02
5.638305731456559897e+02
5.637353358748396204e+02
5.636470071078354067e+02
5.634781974992405367e+02
5.633297811880619292e+02
5.634189944779177495e+02
5.633446722925465338e+02
5.633298711059260313e+02
5.632776910615793895e+02
5.631311149629414103e+02
5.630376821277711770e+02
5.628302442916650534e+02
5.627818783157877078e+02
5.629119360819773874e+02
5.627547647664835040e+02
5.626639881440370345e+02
5.626953747750134198e+02
5.626169039451360732e+02
5.624526296504352558e+02
5.626304938928212778e+02
5.623727389663735039e+02
5.623482949231906787e+02
5.624628297252768334e+02
5.624311824904995092e+02
5.625897532807299513e+02
5.624020536653288218e+02
5.622844900000629877e+02
5.622721950179525265e+02
5.621439344320675673e+02
5.623888121997514418e+02
5.621312564485474468e+02
5.619976224439786847e+02
5.620836327263388057e+02
5.621014902819442796e+02
5.620480932911270884e+02
5.620536554454245106e+02
5.620599973715671922e+02
5.620011267658018141e+02
5.619631454003431372e+02
5.620834415400320268e+02
5.617627686559397944e+02
5.617600661218922369e+02
5.619327497764452346e+02
5.617979739423736874e+02
5.618171954699118942e+02
5.618488192296290435e+02
5.617349467434726193e+02
5.619020309593348657e+02
5.617601227619238671e+02
5.618571449434565466e+02
5.619328184764665366e+02
5.617820140616125855e+02
5.618026044785925706e+02
5.616296940381911327e+02
5.619037316839068126e+02
5.616803686314483457e+02
5.618021248199127058e+02
5.616323168602215219e+02
5.617232909246913550e+02
5.616571328363878592e+02
5.614849070341830384e+02
5.616906986575154406e+02
5.615558561710412278e+02
5.617951243506179253e+02
5.614295887322316503e+02
5.615901260988649710e+02
5.615309796530819995e+02
5.615140557389892138e+02
5.615312532439437518e+02
5.615409699195739677e+02
5.615986815490464323e+02
5.614926758199451342e+02
5.615154905956071616e+02
5.615268456079348880e+02
5.615157608490119401e+02
5.615295781790957790e+02
5.614716497761459095e+02
5.614760341225089633e+02
5.612593857030796016e+02
5.614407698501496498e+02
5.615190590465864489e+02
5.615359327779013938e+02
5.615243529950978427e+02
5.613676901016815464e+02
5.615081200394101870e+02
5.614275843635616638e+02
5.613506860805586030e+02
5.613982917772746077e+02
5.613096525300284156e+02
5.613604870148866439e+02
5.614316437270615552e+02
5.614130139129200643e+02
5.613286096245579984e+02
5.613028911806624137e+02
5.612400519434718262e+02
5.612405374709167063e+02
5.613407021665210550e+02
5.612985910849357651e+02
5.614617149404621159e+02
5.614237273112254343e+02
5.613064764801566753e+02
5.612385525385001301e+02
5.612110016855866661e+02
5.613343043097579539e+02
5.614188426929515572e+02
5.613610244422068263e+02
5.611415026415634202e+02
5.613226941673814281e+02
5.613070748362214317e+02
5.613279128376951803e+02
5.613080410864629357e+02
5.612298861460875514e+02
5.611793085970519996e+02
5.613458308867246842e+02
5.612965331154159685e+02
5.612078885153401870e+02
5.611994602754774633e+02
5.611680668970335546e+02
5.612187921648194333e+02
