5.674059237450336468e+02
5.672402454289156140e+02
5.672426382082554710e+02
5.670799862562552107e+02
5.670723610133915145e+02
5.670590890350729296e+02
5.669788283527855128e+02
5.669077634851709036e+02
5.669907092000102011e+02
5.669607505250158965e+02
5.667208808937621143e+02
5.670608545175973632e+02
5.668321098559807751e+02
5.668609823257562539e+02
5.667581480837230856e+02
5.667801164593216754e+02
5.665931198623154614e+02
5.667705214557663567e+02
5.666979141912516980e+02
5.665399786464662384e+02
5.665480333007400304e+02
5.664291554835522220e+02
5.664613367437005991e+02
5.665754901727981405e+02
5.665479277758304306e+02
5.665022562080183661e+02
5.665769774371652829e+02
5.664978036050159744e+02
5.665345174865207127e+02
5.663189124577345410e+02
5.664707156912512573e+02
5.662991926978426136e+02
5.663376637424137243e+02
5.664461227120328886e+02
5.664786679404122651e+02
5.663533203660282425e+02
5.664057953964323815e+02
5.664480208221976909e+02
5.665315629905900323e+02
5.662267854872741282e+02
5.663605274674455359e+02
5.663437864927548162e+02
5.663865428644020312e+02
5.663105916775391506e+02
5.663052479009555782e+02
5.664063017870143995e+02
5.660397631660518982e+02
5.663426619954564103e+02
5.661701693176114532e+02
5.662784379715649266e+02
