3.193433258059770897e-03
2.723396284582875818e-03
2.615357758807977401e-03
2.540608617262198575e-03
2.459735437378992619e-03
2.405009076781791481e-03
2.374373623665929165e-03
2.353449921762934289e-03
2.327545955170982114e-03
2.317466961837114526e-03
2.305720347260847066e-03
2.293970298088161136e-03
2.285948492994410806e-03
2.277317250246655919e-03
2.272420501496267946e-03
2.265888754658665610e-03
2.257011206710391599e-03
2.251857846903686407e-03
2.246873107457742717e-03
2.241122893184511501e-03
2.238570032613737722e-03
2.230326336472344701e-03
2.223046109377897154e-03
2.218658405565518757e-03
2.215654724938849896e-03
2.212349456299603310e-03
2.206996482791456250e-03
2.203119945569107299e-03
2.199358355733373096e-03
2.192445496819120029e-03
2.191117445982375400e-03
2.186477156052883761e-03
2.183235455690139219e-03
2.180688699690856540e-03
2.176862962257403427e-03
2.174983310827313231e-03
2.169731152299020013e-03
2.165454944055637734e-03
2.162958588313377596e-03
2.159469194721276228e-03
2.157893495430299353e-03
2.154674356908002804e-03
2.152501695690202735e-03
2.149172717589642630e-03
2.146004542113232310e-03
2.145020822311073921e-03
2.144144363728897433e-03
2.141493746663647533e-03
2.142094046059312383e-03
2.140608780807953457e-03
