3.395495947170060203e-02
3.158586497872464816e-02
3.126948836108773416e-02
3.107288461272772820e-02
3.089855438507433869e-02
3.074099755575833426e-02
3.056687431081714715e-02
3.039233554562971451e-02
3.023762927503713047e-02
3.010987886718457032e-02
3.000680988471527907e-02
2.993145712292447080e-02
2.987801723384799282e-02
2.978002937183939908e-02
2.972590608457904501e-02
2.966706781482408850e-02
2.962086725670649498e-02
2.960013742574363338e-02
2.953824434432548302e-02
2.950249095510182676e-02
2.944999741167332596e-02
2.943941985467420433e-02
2.938987615182179006e-02
2.930286553810848571e-02
2.927365182081479236e-02
2.920644596324288231e-02
2.914043916090945999e-02
2.906507683853488608e-02
2.900556710267574584e-02
2.894578708499092115e-02
2.884471078731534396e-02
2.877354154851708562e-02
2.872304094116663598e-02
2.861126973278016461e-02
2.853460703751866875e-02
2.844889764379534072e-02
2.835942099528924315e-02
2.824417089463901118e-02
2.816034960823564012e-02
2.803031040350066269e-02
2.792703752538651038e-02
2.781046684603654534e-02
2.765786735019780049e-02
2.757926697000188943e-02
2.746053283361162001e-02
2.732374331294315506e-02
2.711786822283178758e-02
2.703817556164593225e-02
2.687448684580021063e-02
2.676416117019486327e-02
2.659185928811631794e-02
2.643677873048510402e-02
2.626705477638468372e-02
2.608944109776866263e-02
2.595427671928762781e-02
2.576478332038466268e-02
2.559012180868800237e-02
2.540021932281045017e-02
2.523985077194322926e-02
2.507247873322808809e-02
2.487588780724033638e-02
2.471313973995550861e-02
2.447458198957591299e-02
2.436980127390712958e-02
2.417421738855057151e-02
2.394935044516537451e-02
2.381673529622432492e-02
2.361411007724287595e-02
2.343878476655905305e-02
2.321917701097956158e-02
2.305934874106883165e-02
2.290616283691087815e-02
2.271082346986438849e-02
2.249443487768355149e-02
2.233249613442764292e-02
2.220066316688078245e-02
2.200490777603779369e-02
2.183466723925335182e-02
2.166671071120680747e-02
2.148371206323222010e-02
2.132083402403189137e-02
2.112554430821831850e-02
2.096647484436895206e-02
2.081698148011137256e-02
2.066219535704959601e-02
2.053184277816984954e-02
2.037216981670318325e-02
2.019512078086382195e-02
2.002665698728531979e-02
1.990013933916455133e-02
1.973786957198392714e-02
1.962698874891065023e-02
1.948791359597188896e-02
1.936648447285634067e-02
1.921353019298090506e-02
1.906377467044910110e-02
1.889408682080372104e-02
1.881079943410888730e-02
1.869876740632255355e-02
1.855453689803305065e-02
