5.678893964127373692e+02
5.674955993129958642e+02
5.674210123882793368e+02
5.672153824058913187e+02
5.671758978788064951e+02
5.671193940782587788e+02
5.669996226126121428e+02
5.668836381288272150e+02
5.669116394417021638e+02
5.668357443466895802e+02
5.665616442244232758e+02
5.668407099023272622e+02
5.665684463004388363e+02
5.665654513116419366e+02
5.664235868639393630e+02
5.664242084209735140e+02
5.662012205543098844e+02
5.663182872569067285e+02
5.662143261152510831e+02
5.659913631384390555e+02
5.659238961220593183e+02
5.657499783823072903e+02
5.657015359835007757e+02
5.657473086746487070e+02
5.656439901788861562e+02
5.654988985714626324e+02
5.654906727717473132e+02
5.653032866032166339e+02
5.652627681013092342e+02
5.649638611446067671e+02
5.650238966276760948e+02
5.647685410829287775e+02
5.647173896202674541e+02
5.647451335781223634e+02
5.646908238734215502e+02
5.644691636092765066e+02
5.644630544183622760e+02
5.644229472298191013e+02
5.644151491486007899e+02
5.640399520274248744e+02
5.641050447575237285e+02
5.640375450114929663e+02
5.639825976832075867e+02
5.638614057184576041e+02
5.638039041230563271e+02
5.638618689639429249e+02
5.634330407543295678e+02
5.636932985397687617e+02
5.634595760529260815e+02
5.635240140448962620e+02
5.634630131499806112e+02
5.633885453257233848e+02
5.633773822736054626e+02
5.632309000590848882e+02
5.630887723392283988e+02
5.631167612051621063e+02
5.630041576298433483e+02
5.630058074944722648e+02
5.629519319090919680e+02
5.630838401420380706e+02
5.628015506902389689e+02
5.627361227472455312e+02
5.627838298413880693e+02
5.627191254655284638e+02
5.628569997334419668e+02
5.625649871890664144e+02
5.626755797449854981e+02
5.626039679133075424e+02
5.624802710177630161e+02
5.625807045479498356e+02
5.624631868976712212e+02
5.625134537568660562e+02
5.623299040032561606e+02
5.624302806031976161e+02
5.623897525564856323e+02
5.624126459478021616e+02
5.624766292233439344e+02
5.623997815342546573e+02
5.623427876998888451e+02
5.623473070842778725e+02
5.621116451640705236e+02
5.621792355293151786e+02
5.622052906371734480e+02
5.622713421606352995e+02
5.620946496881273333e+02
5.621266276777949997e+02
5.621129644995307899e+02
5.620301360471311227e+02
5.621577655473001869e+02
5.622085478984997735e+02
5.620333608045280016e+02
5.619805962215110640e+02
5.620564049295924178e+02
5.619475106475520079e+02
5.618912349871831111e+02
5.618710384385019552e+02
5.618330824586766994e+02
5.619129853236504459e+02
5.618858224863937494e+02
5.619746671404157041e+02
5.619609498856739265e+02
5.617912189777081267e+02
5.618621800616950850e+02
5.616646868398606784e+02
5.618288212677027786e+02
5.617584149754864029e+02
5.618861417133527993e+02
5.617557627532004290e+02
5.616230224777053763e+02
5.617637782286308266e+02
5.616042342069082451e+02
5.617761629673755124e+02
5.618526117819804995e+02
5.616617449198550958e+02
5.617017327580326764e+02
5.617269002474271247e+02
5.614495661454188848e+02
5.616518603636869784e+02
5.617409081188985738e+02
5.615327807593325815e+02
5.616623020172119141e+02
5.615679581933170539e+02
5.615775153642978239e+02
5.616465370552275544e+02
5.615979694614749178e+02
5.615755877087706267e+02
5.616393036088596773e+02
5.615622174770068114e+02
5.615144272527751355e+02
5.613703132622945304e+02
5.614556829141340586e+02
5.615833816947517789e+02
5.613751764208808481e+02
5.614170275677691961e+02
5.616032488670574594e+02
5.613391510712727950e+02
5.616283086549399286e+02
5.615771563538835380e+02
5.612042088480391158e+02
5.613468648212397056e+02
5.613961130143824221e+02
5.612615361943248899e+02
5.615779468475109297e+02
5.614160227513575592e+02
5.613331429230794356e+02
5.613307754406965842e+02
5.612893699329985111e+02
5.613784125288563018e+02
5.614540817086614197e+02
5.612570974167786062e+02
