5.678838000293516188e+02
5.674879817688555477e+02
5.674202006445632378e+02
5.672120719709743071e+02
5.671747989364326941e+02
5.671193927400513530e+02
5.670010574611686707e+02
5.668843543358203760e+02
5.669146187428387975e+02
5.668453572064461241e+02
5.665712011858053074e+02
5.668505408737685229e+02
5.665759824557719639e+02
5.665688061170021683e+02
5.664209195747279182e+02
5.664197716749227993e+02
5.661933534627029303e+02
5.663249430652402907e+02
5.662263928281988683e+02
5.659952667861899727e+02
5.659426981941280701e+02
5.657573550813599468e+02
5.657244595570374486e+02
5.657676306439977907e+02
5.656651472541506109e+02
5.655153854318523372e+02
5.655113536708958009e+02
5.653283702289262465e+02
5.652796418971161074e+02
5.649863375392085345e+02
5.650452618183770710e+02
5.647936195089770308e+02
5.647462534158792096e+02
5.647704097364076006e+02
5.646950082222688252e+02
5.644863816307241677e+02
5.644772093959109043e+02
5.644201681761044256e+02
5.644210929822236267e+02
5.640474064231220837e+02
5.641152277097597789e+02
5.640403510550775081e+02
5.640046348152579867e+02
5.638655160305768277e+02
5.638123642138676814e+02
5.638720089968038565e+02
5.634404105205003361e+02
5.636967012868125266e+02
5.634646096636658967e+02
5.635286440974257403e+02
