3.271303252991689114e-02
3.088685120133146181e-02
3.026521555089021001e-02
3.000042817219997215e-02
2.985971824707666505e-02
2.974619150527029604e-02
2.962980172002494320e-02
2.956533099549081556e-02
2.948224858443047186e-02
2.942453152897656771e-02
2.933300088556516430e-02
2.931434719406842901e-02
2.927072291102635060e-02
2.920978148278897610e-02
2.920409493185327846e-02
2.917422253000042168e-02
2.913474667496941325e-02
2.911651150491923259e-02
2.907819649171547102e-02
2.908078407170447757e-02
2.908036153033747434e-02
2.902989051484251848e-02
2.900326747816474662e-02
2.899576938673318477e-02
2.900267121719002708e-02
2.899548354824738744e-02
2.897473038859123620e-02
2.894544519526555046e-02
2.894146253263525995e-02
2.892251816005087656e-02
2.892205990978460872e-02
2.888695894746819842e-02
2.889637305501246978e-02
2.886499270571621020e-02
2.882489269726853931e-02
2.882441833779839438e-02
2.880743254229602840e-02
2.877306604552431341e-02
2.876689022155801481e-02
2.873231778086642388e-02
2.871055579732470497e-02
2.872696942382114982e-02
2.871194830465832043e-02
2.866170561572478626e-02
2.866142745002228653e-02
2.866497799334535856e-02
2.857664049428274358e-02
2.859513934651296968e-02
2.856504087555218271e-02
2.856098040162931284e-02
