3.631001902378241247e-02
3.211581130146125979e-02
3.148405163856710098e-02
3.117448184541057529e-02
3.093520999893163009e-02
3.073199859641266227e-02
3.054267130038287870e-02
3.035695143444479271e-02
3.019198168969821489e-02
3.006938971346636777e-02
2.996102672755014684e-02
2.984853851955233256e-02
2.979137790942969904e-02
2.970681801786988555e-02
2.960202542705301157e-02
2.953191073929410312e-02
2.950586944749393481e-02
2.943620521733835566e-02
2.935479728435912150e-02
2.929106275009189103e-02
2.922205373697441336e-02
2.915581337959171140e-02
2.908275992347282568e-02
2.903042209486227446e-02
2.896553069953045068e-02
2.890789454557868635e-02
2.886041385768700618e-02
2.878058082376988569e-02
2.870967152291315286e-02
2.866594994367645255e-02
2.857876287731632436e-02
2.855363710466175473e-02
2.847537750921653316e-02
2.839902663033323782e-02
2.836965582302879846e-02
2.828653773032191801e-02
2.823356371553548821e-02
2.817901645564830845e-02
2.807553655948508836e-02
2.801319792050818019e-02
2.797102621692887717e-02
2.789689704691786926e-02
2.780453164937700394e-02
2.769651538284077785e-02
2.765947365783889833e-02
2.754547630973053565e-02
2.745767188388822944e-02
2.740187850006515352e-02
2.728975200016541675e-02
2.721958387031378490e-02
2.712192702732201324e-02
2.704595432056877344e-02
2.693051744792704719e-02
2.682005556246884470e-02
2.670695497355978290e-02
2.661217284105360167e-02
2.648106395325059564e-02
2.637916556806861254e-02
2.628877062647341084e-02
2.615677835349100241e-02
2.604625974648316564e-02
2.594192029199991756e-02
2.579760056108387073e-02
2.571849278578751397e-02
2.557207164935717397e-02
2.544042584839674437e-02
2.532106048476993887e-02
2.517597678272150835e-02
2.506091771411755181e-02
2.489660342885919447e-02
2.478014920507581181e-02
2.467247147743651531e-02
2.454410168412180654e-02
2.438989789975087863e-02
2.425361161915707761e-02
2.414811168648899400e-02
2.398786018995181790e-02
2.385644975898105688e-02
2.372990991931226562e-02
2.358985625633036945e-02
2.347574081832564871e-02
2.335208557462900916e-02
2.323596706279375951e-02
2.307933758261878840e-02
2.292450140096862973e-02
2.284563846201408122e-02
2.268083126584152787e-02
2.255880033489768982e-02
2.245258623938285042e-02
2.234654234090904801e-02
2.217843694750590289e-02
2.211078931636398584e-02
2.198634616866500593e-02
2.187538307205684485e-02
2.175106205541678384e-02
2.162078258457388047e-02
2.153396886686243308e-02
2.139217843549737555e-02
2.130594690727669743e-02
2.121176347933539930e-02
