1.799325463743676329e-02
2.532883642495784016e-02
2.600337268128161822e-02
2.632377740303541366e-02
2.853288364249578421e-02
3.482293423271500682e-02
3.551433389544687846e-02
3.575042158516020252e-02
3.620573355817875011e-02
3.433389544688027206e-02
3.534569983136593568e-02
3.581787521079257686e-02
3.359190556492411273e-02
3.467116357504215762e-02
3.428330522765598437e-02
3.397976391231028598e-02
3.101180438448566598e-02
2.947723440134907349e-02
2.932546374367622430e-02
2.849915682967959357e-02
2.787521079258009973e-02
2.682967959527824547e-02
2.704890387858347248e-02
2.588532883642495619e-02
2.822934232715008582e-02
2.711635750421585028e-02
2.770657672849915695e-02
2.763912310286677915e-02
2.768971332209106337e-02
2.602023608768971180e-02
2.809443507588533021e-02
2.723440134907251231e-02
2.634064080944350725e-02
2.822934232715008582e-02
2.741989881956155214e-02
2.637436762225969789e-02
2.753794266441821417e-02
2.686340640809443611e-02
2.738617200674536151e-02
2.755480607082630776e-02
2.596964586846543105e-02
2.774030354131534412e-02
2.708263069139966311e-02
2.728499156829679653e-02
2.816188870151770801e-02
2.814502529510961096e-02
2.747048903878583637e-02
2.713322091062394734e-02
2.760539629005058851e-02
2.750421585160202353e-02
