5.576001962722855296e+02
5.496407607192735441e+02
5.489348333480988913e+02
5.486743364285860025e+02
5.485941647759577791e+02
5.484723743097778197e+02
5.480046085241874607e+02
5.476678998152683562e+02
5.474700554466569429e+02
5.473598930526142112e+02
5.472252883959379233e+02
5.472820917711692346e+02
5.470801169152605326e+02
5.469637849881717102e+02
5.469593088864073707e+02
5.468720373777675832e+02
5.465677518828522352e+02
5.464604579417339210e+02
5.463716998108321832e+02
5.461283822083754558e+02
5.459201180552953474e+02
5.456115396670105611e+02
5.457361763444356484e+02
5.455723605871602331e+02
5.454627330709267881e+02
5.454154561060475999e+02
5.453134315130481582e+02
5.452241949528505529e+02
5.451600373334064216e+02
5.451211716553815450e+02
5.450784031576893085e+02
5.450110112876956237e+02
5.449720103825123942e+02
5.448812905371088391e+02
5.447878555986169431e+02
5.448535307101013814e+02
5.447878722919380152e+02
5.446916934973473872e+02
5.445598001142376461e+02
5.447171514231278024e+02
5.446147697731777271e+02
5.446199891378264510e+02
5.446199249939813853e+02
5.442951043500465858e+02
5.443611942696530832e+02
5.441220713546264278e+02
5.443943080290976013e+02
5.443580882746292673e+02
5.443591700436494421e+02
5.442276166462376068e+02
