4.958192687988281250e+04
4.938104933166503906e+04
4.947476739501953125e+04
4.938306584930419922e+04
4.926193007278442383e+04
4.930025336074829102e+04
4.932316249465942383e+04
4.934036674499511719e+04
4.926905727005004883e+04
4.916075506210327148e+04
4.937610376167297363e+04
4.933938961410522461e+04
4.918140556144714355e+04
4.907185590553283691e+04
4.901238901901245117e+04
4.897956535911560059e+04
4.890418152809143066e+04
4.887045766830444336e+04
4.882545697975158691e+04
4.868851134300231934e+04
