5.402385591888427734e+04
5.379434085083007812e+04
5.372234654617309570e+04
5.366685039710998535e+04
5.368422745704650879e+04
5.377929409217834473e+04
5.368256858825683594e+04
5.353952783203125000e+04
5.350691065788269043e+04
5.348573441123962402e+04
5.349000217819213867e+04
5.345773378181457520e+04
5.347275096130371094e+04
5.345601391029357910e+04
5.365771730232238770e+04
5.347484796524047852e+04
5.343903077125549316e+04
5.353826700592041016e+04
5.342707836341857910e+04
5.341408500099182129e+04
