7.412310286677907534e-02
9.642495784148395754e-02
1.004974704890387316e-01
1.012647554806070382e-01
1.018296795952782496e-01
1.039291736930860049e-01
1.064755480607081500e-01
1.067959527824619975e-01
1.068718381112982868e-01
1.077571669477234151e-01
1.065345699831365123e-01
1.060202360876895816e-01
1.062731871838111519e-01
1.068296795952780043e-01
1.049662731871837673e-01
1.043254637436760723e-01
1.055902192242831050e-01
1.029342327150082059e-01
1.030607082630691368e-01
1.030860033726810759e-01
1.027487352445194263e-01
1.020489038785833968e-01
1.020236087689712773e-01
1.026559865092748630e-01
1.026475548060706428e-01
1.035413153456997276e-01
1.030185497470486322e-01
1.035075885328834849e-01
1.029258010118044714e-01
1.044013490725125282e-01
1.033220910623944971e-01
1.034738617200671729e-01
1.030775716694771610e-01
1.041821247892073671e-01
1.035160202360876636e-01
1.045109612141651850e-01
1.030016863406406913e-01
1.041146711635748956e-01
1.041483979763910411e-01
1.045868465430015715e-01
1.033895446880268437e-01
1.038617200674535057e-01
1.047976391231027760e-01
1.041568296795952475e-01
1.035160202360875803e-01
1.050505902192241103e-01
1.046374367622259494e-01
1.051096121416525975e-01
1.049325463743673720e-01
1.048988195615512958e-01
