5.579893536109345860e+02
5.494302181288926477e+02
5.490206515969956627e+02
5.486982484852885591e+02
5.485204590914823939e+02
5.483268520361657465e+02
5.479777258926056902e+02
5.477810683901756192e+02
5.476138050841641416e+02
5.473865736837532268e+02
5.473386035841995181e+02
5.472366725574255497e+02
5.470549193602589639e+02
5.468936839433383739e+02
5.468542775416253789e+02
5.468506287161455930e+02
5.465291341842728343e+02
5.464148332135874853e+02
5.462644852273178913e+02
5.461136885316536791e+02
5.461103992719473581e+02
5.458098457072677547e+02
5.458786225841580517e+02
5.456351747561063803e+02
5.454641006366800866e+02
5.454748168964611068e+02
5.453475468878400534e+02
5.454249851136746656e+02
5.452265779324767436e+02
5.452323869830640888e+02
5.453249088306652084e+02
5.450753385341187141e+02
5.449419875008260306e+02
5.448825201578124506e+02
5.450256715616931160e+02
5.449686035136951432e+02
5.448619308439515407e+02
5.447380201008428457e+02
5.448418073509435544e+02
5.446081650880295228e+02
5.445973954996813973e+02
5.447299391744912782e+02
5.445487078365949856e+02
5.445785243917275693e+02
5.445750233133968550e+02
5.445707564812285000e+02
5.444735782906337818e+02
5.444698358828462688e+02
5.443948240424890628e+02
5.443592780114828429e+02
