5.128130173206329346e+05
5.124536866950988770e+05
5.123037828254699707e+05
5.122050986194610596e+05
5.121291836452484131e+05
5.120631199264526367e+05
5.120056978702545166e+05
5.119754685306549072e+05
5.119161186408996582e+05
5.118730271339416504e+05
5.118314926338195801e+05
5.118015826797485352e+05
5.117671471786499023e+05
5.117251845645904541e+05
5.117104131984710693e+05
5.116749142456054688e+05
5.116463650512695312e+05
5.116150382804870605e+05
5.115938186836242676e+05
5.115630299186706543e+05
5.115437248134613037e+05
5.115168331432342529e+05
5.114842558479309082e+05
5.114727385520935059e+05
5.114427889537811279e+05
5.114185019493103027e+05
5.114090320014953613e+05
5.113910577964782715e+05
5.113736783313751221e+05
5.113491598892211914e+05
