4.416350611040876194e-03
4.433206911083017489e-03
8.495575221238938629e-03
4.635482511588706091e-03
3.320691108301727576e-03
3.455541508638853600e-03
3.624104509060261346e-03
7.484197218710493017e-03
3.721871049304677909e-02
4.684365781710914112e-02
5.282764433206910831e-02
5.316477033291192728e-02
5.758112094395280434e-02
5.680573114201432905e-02
5.490096923725241995e-02
5.569321533923304174e-02
5.479983143699957565e-02
5.456384323640960793e-02
5.505267593763168987e-02
5.695743784239359203e-02
