1.016694772344012704e-01
1.208768971332208203e-01
1.355733558178751907e-01
1.477234401349072634e-01
1.594350758853287364e-01
1.680691399662728736e-01
1.772006745362557645e-01
1.867453625632373992e-01
1.953878583473858122e-01
2.033052276559863536e-01
2.116526138279932745e-01
2.181365935919054588e-01
2.256745362563236101e-01
2.317622259696456299e-01
2.391315345699827621e-01
2.459106239460370213e-01
2.520320404721751451e-01
2.573608768971330507e-01
2.637015177065769045e-01
2.700590219224283106e-01
2.735413153456999757e-01
2.781365935919058452e-01
2.843338954468803692e-01
2.902866779089370852e-01
2.928499156829678096e-01
2.981871838111297413e-01
3.015598650927490132e-01
3.066104553119726739e-01
3.097554806070825228e-01
3.144097807757166296e-01
3.163322091062390484e-01
3.198229342327153502e-01
3.241989881956154340e-01
3.282715008431703607e-01
3.314333895446875955e-01
3.341062394603710461e-01
3.366441821247886934e-01
3.406155143338955860e-01
3.433726812816186857e-01
3.453204047217540151e-01
3.491483979763905787e-01
3.534654300168632579e-01
3.542664418212477240e-01
3.580944350758853978e-01
3.606998313659358635e-01
3.637352445193930417e-01
3.659527824620575354e-01
3.681534569983140881e-01
3.721669477234402224e-01
3.751011804384486448e-01
3.772428330522759610e-01
3.793844856661048870e-01
3.822596964586840174e-01
3.836340640809443592e-01
3.862900505902194248e-01
3.872934232715004588e-01
3.908600337268127722e-01
3.929595278246210133e-01
3.948397976391227471e-01
3.971838111298483520e-01
3.985750421585158576e-01
4.005564924114671799e-01
4.020657672849915487e-01
4.038364249578418885e-01
4.070151770657667867e-01
4.082462057335581318e-01
4.106745362563240520e-01
4.121416526138274028e-01
4.139966273187186685e-01
4.164924114671165745e-01
4.190978077571666516e-01
4.207166947723442463e-01
4.208094435075884210e-01
4.238026981450243591e-01
4.256576728499158468e-01
4.282967959527823609e-01
4.286256323777413169e-01
4.315008431703202807e-01
4.321585160202358611e-01
4.333979763912307326e-01
4.352951096121422392e-01
4.365682967959527705e-01
4.385666104553118672e-01
4.408431703204045427e-01
4.406829679595279936e-01
4.410623946037103282e-01
4.458431703204049912e-01
4.454806070826310971e-01
4.475210792580108787e-01
4.479173693086003771e-01
4.499915682967967623e-01
4.515682967959531169e-01
4.524789207419896986e-01
4.541989881956158825e-01
4.541652613827998897e-01
4.565261382799327694e-01
4.590219224283307864e-01
4.594266441821241997e-01
4.611129848229346129e-01
4.622344013490720660e-01
