6.804045867919921875e+01
6.460393905639648438e+02
8.250972035725911837e+02
8.077186698913574219e+02
1.030309948730468705e+03
1.240373299916585211e+03
1.219242973327636719e+03
1.179451132297515869e+03
1.129560739305284187e+03
1.145511477661132858e+03
1.192974621165882354e+03
1.180804382960001703e+03
1.175179930466872065e+03
1.158460136413574219e+03
1.162004883321126272e+03
1.171144761800765991e+03
1.168063560037051957e+03
1.184620696809556648e+03
1.157853628058182494e+03
1.161556134414672897e+03
1.186120439438592712e+03
1.183456622730602021e+03
1.195081013223399395e+03
1.194171967824300054e+03
1.201949871520996112e+03
1.205615755668053225e+03
1.187319152620103523e+03
1.160513450758797717e+03
1.175237664979079682e+03
1.181859469095865961e+03
1.175988298600719872e+03
1.178077396154403687e+03
1.172208813522801165e+03
1.171043503817390047e+03
1.167674878256661486e+03
1.156850350273979984e+03
1.150195182697193104e+03
1.155463911558452310e+03
1.144701368478628410e+03
1.134152633571624847e+03
1.133112904246260541e+03
1.130575205121721638e+03
1.130824448430260873e+03
1.132360952030528779e+03
1.130864728376600397e+03
1.126410719581272360e+03
1.130737208427266978e+03
1.129100056370099310e+03
1.118323456355503595e+03
1.117829823608398328e+03
1.119919945585961386e+03
1.112120634299058111e+03
1.105457998599646317e+03
1.111150897132025875e+03
1.109650976007634881e+03
1.111511656011853802e+03
1.106801678038480077e+03
1.108079279932482450e+03
1.106182821500099408e+03
1.107543496322631881e+03
1.104157726225305851e+03
1.103471028358705553e+03
1.110411571684337787e+03
1.120838161051273346e+03
1.115134288905217090e+03
1.114190324609929803e+03
1.112233181512177907e+03
1.124064162086038095e+03
1.117700268178746228e+03
1.114245674078804996e+03
1.108822009879098914e+03
1.104184676753150143e+03
1.103188801386585055e+03
1.110464011810921420e+03
1.103098960622151708e+03
1.107870988494471476e+03
1.106341595587792426e+03
1.103976267741276615e+03
1.103663563354105918e+03
1.103854050731658845e+03
1.098129698906415797e+03
1.097258178664416846e+03
1.102106991503612107e+03
1.101081899188813622e+03
1.095226150647331679e+03
1.094424947295078027e+03
1.099089775392378897e+03
1.101023105924779657e+03
1.105242917564477921e+03
1.105725083584255572e+03
1.103918619554121506e+03
1.107607533703679564e+03
1.108394825555944863e+03
1.108751168068419020e+03
1.105722412229839165e+03
1.107656764547030207e+03
1.111008376013372299e+03
1.111542654309954059e+03
1.109131516080914025e+03
1.115372656517028872e+03
1.121428117770959943e+03
1.119890100067736967e+03
1.119117056948467280e+03
1.121392910517178962e+03
1.118441597638811345e+03
1.117104039678033814e+03
1.114539174587927164e+03
1.112572098378781902e+03
1.113416449765546531e+03
1.113307856577092934e+03
1.115519710128371798e+03
1.119401040877614605e+03
1.113437985209237240e+03
1.108606920409620898e+03
1.109655793762206940e+03
1.111238421604551149e+03
1.115876155820667236e+03
1.118195165601827284e+03
1.121448655489112070e+03
1.120021018155415959e+03
1.121312988092091473e+03
1.123011888128812188e+03
1.122761214589684869e+03
1.124450073980515981e+03
1.125308145141601472e+03
1.130077563210139260e+03
1.130315420976774021e+03
1.128964971303939819e+03
1.130381273728008409e+03
1.133651520420954739e+03
1.133731506056457874e+03
1.132324473583337067e+03
1.133356779256261461e+03
1.132094973122895681e+03
1.131669422856083656e+03
1.131557162565343560e+03
1.128120909252305864e+03
1.130731565945390230e+03
1.132166387461929844e+03
1.131373494366237082e+03
1.129457960250529823e+03
1.126705641733088896e+03
1.127185835218096145e+03
1.123685903973049562e+03
1.124961630985654665e+03
1.127490138197598299e+03
1.124388615407100360e+03
1.122978210139918929e+03
1.124101344047776820e+03
1.117502996718088752e+03
1.114658264229629140e+03
1.115545889572093301e+03
1.116104741121429242e+03
1.112878298716111658e+03
1.115114469608183754e+03
1.116678102805064327e+03
1.115128195811229034e+03
1.112561257827131158e+03
1.111980149125153275e+03
1.107610395067930313e+03
1.104870218733082538e+03
1.105420526004131943e+03
1.105655856822897249e+03
1.107634122005322979e+03
1.109271254608847812e+03
1.110265733506306105e+03
1.108870310497854916e+03
1.108763542896225317e+03
1.109132433236703264e+03
1.111102104764826208e+03
1.109624336125557875e+03
1.108931141781252563e+03
1.110641864429319412e+03
1.107519325097401861e+03
1.108092026557922281e+03
1.109115856988863470e+03
1.107156156135817810e+03
1.108490539566854522e+03
1.110783614659442492e+03
1.108779684379365790e+03
1.110254721472935216e+03
1.110708959741906710e+03
1.109004353773398407e+03
1.110366892332616089e+03
1.110854349492047277e+03
1.108947989489442534e+03
1.107310440323569537e+03
1.107631878401370841e+03
1.108218590161156953e+03
1.110778526060204740e+03
1.108301373361917058e+03
1.110579934035738233e+03
1.109376935173192805e+03
1.107020404692777674e+03
1.104691794933416986e+03
1.105631792764274451e+03
1.104848622835227161e+03
1.103494564234608333e+03
1.100098105114308964e+03
1.100440993189811707e+03
1.099909584458194558e+03
1.101513913688093226e+03
1.101504735068147511e+03
1.102966267543680488e+03
1.100832513348649172e+03
1.099543302586935170e+03
1.101518839495193561e+03
1.101111116184638149e+03
1.099764571764822676e+03
1.096566934517451728e+03
1.092971466276882893e+03
1.093507888069692626e+03
1.095649183600161450e+03
1.097420849608483650e+03
1.095921139025133698e+03
1.097179476839524796e+03
1.095663531391302058e+03
1.096827942030145550e+03
1.097451355150301197e+03
1.098947009359706499e+03
1.096722082107854703e+03
1.095699620697949285e+03
1.096474470878395778e+03
1.097978277747120273e+03
1.098989378980000765e+03
1.098668176503308132e+03
1.095934833354361672e+03
1.097644522896984199e+03
1.097442904022583207e+03
1.096805708275670668e+03
1.096580415184879712e+03
1.095778513493208948e+03
1.095761301077486678e+03
1.094586318607004387e+03
1.093884995184553418e+03
1.092688139652801738e+03
1.092213640426281700e+03
1.091275102290786663e+03
1.090161590109310282e+03
1.091139172470569520e+03
1.092059741036031255e+03
1.090303185876736052e+03
1.089132408813193933e+03
1.089805817803398440e+03
1.089828468521273862e+03
1.088796759035529249e+03
1.088046847320278630e+03
1.087467432495086314e+03
1.086388037130057000e+03
1.086499259151458773e+03
1.085779943606768029e+03
1.085584445858758500e+03
1.085369006232310767e+03
1.087783861126486727e+03
1.091430118257859249e+03
1.092246468555182219e+03
1.090903702431615784e+03
1.090511870520983621e+03
1.091162784219248351e+03
1.092734516169474773e+03
1.091640670875023261e+03
1.093979609216442441e+03
1.094096097239070104e+03
1.093690993363207099e+03
1.093747741422113450e+03
1.093620454167961270e+03
1.092326926481411192e+03
1.092001738331211072e+03
1.091506990549732791e+03
1.091972640450795552e+03
1.092034243815939362e+03
1.091192953120259745e+03
1.089713960231878900e+03
1.090119285510404325e+03
1.090841619883450676e+03
1.089664640934571025e+03
1.089382150474438276e+03
1.089236959481410850e+03
1.089653018428433370e+03
1.091980349482808833e+03
1.091678535824568598e+03
1.092070577793932898e+03
1.092064827919006348e+03
1.091932168151291307e+03
1.091127488892538395e+03
1.090485824474921628e+03
1.089769906416172034e+03
1.089716416660282448e+03
1.090105270474839699e+03
1.091758795912512369e+03
1.091351203312169218e+03
1.089599585660516368e+03
1.091618276325915758e+03
1.090320928492513531e+03
1.091194723507509480e+03
1.091154871370341425e+03
1.091182466497324867e+03
1.089808048885140579e+03
1.088679527611238200e+03
1.088779042978286725e+03
1.091083986082742285e+03
1.092419827451769152e+03
1.093066016480474218e+03
1.091647848377102264e+03
1.090893174052629320e+03
1.091364336210138617e+03
1.090651289523618516e+03
1.089130482076050384e+03
1.089327592519494601e+03
1.088533811922996165e+03
1.086671661312557035e+03
1.086289585734024968e+03
1.085331119168680743e+03
1.084411812663837509e+03
1.086918696470109353e+03
1.085851137146165001e+03
1.088099953765748751e+03
1.090839798174564294e+03
1.091555319074552926e+03
1.091193168899416833e+03
1.090119769785634389e+03
1.090746259378350260e+03
1.090545399772124483e+03
1.091050064001554347e+03
1.091310738768944475e+03
1.089944166952846899e+03
1.090904632903749416e+03
1.091429759173858429e+03
1.092341012366274526e+03
1.090832179442319102e+03
1.090680055886236914e+03
1.091604793350380533e+03
1.090751390780772454e+03
1.091394513350046964e+03
1.092521058948004338e+03
1.091267521662371564e+03
1.091384863977969871e+03
1.090696084905658154e+03
1.090797791582293257e+03
1.089421834808237463e+03
1.089352369165839946e+03
1.089785079585181393e+03
1.090102511000007553e+03
1.091595241144646025e+03
1.091383780136661244e+03
1.093293037147191171e+03
1.093089627958512210e+03
1.093926214818296785e+03
1.094242796056250199e+03
1.094417028380802776e+03
1.096774145085587406e+03
1.096948576155034061e+03
1.097098678359228870e+03
1.095846928211255317e+03
1.098225925894186503e+03
1.097735932143886430e+03
1.097482296286510746e+03
1.097389565012308367e+03
1.098143967670982647e+03
1.097607327850659658e+03
1.096744155881147208e+03
1.096414164050507907e+03
1.097455032198882236e+03
1.096480013488413306e+03
1.097351463168941109e+03
1.095920805318759449e+03
1.095943311621122803e+03
1.095594366257605316e+03
1.095072131012190312e+03
1.095561476349186250e+03
1.094661244330701720e+03
1.094194397749439304e+03
1.093209760392319367e+03
1.093652077422422508e+03
1.093761409960428864e+03
1.093616863501832768e+03
1.092955624089633147e+03
1.092903562099214696e+03
1.092352861376739838e+03
1.092320503684094092e+03
1.092911119223266724e+03
1.092865268355264789e+03
1.093821793177731706e+03
1.093363587982952595e+03
1.095862284016299554e+03
1.094105703272350183e+03
1.093415578440486343e+03
1.093004391431808472e+03
1.093150982086946442e+03
1.092762241273048630e+03
1.095290559410134165e+03
1.096455979685394141e+03
1.097709221107055782e+03
1.098254921818747789e+03
1.097949133172819984e+03
1.097195819033516727e+03
1.096876184408250310e+03
1.096438852489893179e+03
1.096045743218041935e+03
1.097185875957012286e+03
1.098646486741349008e+03
1.098313562637537871e+03
1.098637604628248255e+03
1.097809096012965256e+03
1.098137815129315413e+03
1.098548688360035612e+03
1.099496429450388860e+03
1.099581641821300309e+03
1.099231432243198014e+03
1.098846824373850041e+03
1.099146517999560956e+03
1.097837643945101490e+03
1.097155848678607299e+03
1.097044119256706153e+03
1.096027150439067100e+03
1.095313327007568887e+03
1.095505842650251225e+03
1.095297963893014185e+03
1.095055827108943049e+03
1.094562863429387335e+03
1.093864264796295629e+03
1.094282051527104613e+03
1.094414221714010864e+03
1.094301685214042664e+03
1.094669016479043421e+03
1.094881341090224623e+03
1.095810186986900817e+03
1.095859674914975130e+03
1.094971318818472582e+03
1.095274591381605205e+03
1.095259585942580316e+03
1.094718030335726553e+03
1.094713304363277075e+03
1.095019411207893427e+03
1.095195460972840692e+03
1.095720192802061774e+03
1.095681875737362589e+03
1.095099750142119319e+03
1.096505738388704458e+03
1.096581211287325004e+03
1.095887770090514096e+03
1.097643576028659936e+03
1.097836260007681858e+03
1.098723518128867681e+03
1.098151196518372899e+03
1.098874161508585757e+03
1.098972703978519348e+03
1.097893301510385072e+03
1.097318622221660007e+03
1.097406750579410073e+03
1.097464518483620850e+03
1.098183764244602798e+03
1.098089424480665684e+03
1.096772480681079060e+03
1.096943212066901879e+03
1.096882468606296243e+03
1.097358363093119578e+03
1.096419688426771472e+03
1.096467110949663720e+03
1.096398451761577462e+03
1.096834962673145810e+03
1.096896330505222522e+03
1.095496032902282877e+03
1.095402886446179991e+03
1.094691028519087013e+03
1.094744160555974531e+03
1.094458760098165385e+03
1.094950016818494987e+03
1.094174557047357894e+03
1.095261696298071683e+03
1.095552986645141800e+03
1.095715283092805976e+03
1.095750461681196612e+03
1.096156244782958765e+03
1.096607055260507650e+03
1.096482581497240517e+03
1.097172149640209227e+03
1.097516984881716326e+03
1.097425002253379034e+03
1.097847829967737198e+03
1.097730539085959208e+03
1.097605360654379865e+03
1.097878419483176913e+03
1.098196022299695642e+03
1.097641905462127397e+03
1.098088449586075512e+03
1.098034256574799201e+03
1.098914594312183226e+03
1.098411059075338017e+03
1.098045989458901431e+03
1.097884311930468130e+03
1.098353803671472406e+03
1.098404733930591647e+03
1.098759258847487672e+03
1.098012012518295023e+03
1.098367404282093048e+03
1.097674666834549271e+03
1.097210021894140937e+03
1.097048763051539481e+03
1.096808531629562367e+03
1.097691297380748210e+03
1.097891043444553588e+03
1.098205269176490674e+03
1.099479856670848903e+03
1.100079329875908343e+03
1.099287381581166983e+03
1.098435615093750357e+03
1.098169442460292885e+03
1.097504751799383030e+03
1.097436003664428199e+03
1.098278849165033762e+03
1.097375107763335109e+03
1.097271799557855047e+03
1.096155613496609703e+03
1.095007143637277522e+03
1.095135971200558515e+03
1.095022331095756272e+03
1.094361803796760796e+03
1.094399541533291995e+03
1.094680128308442818e+03
1.095261900206216296e+03
1.095726959394769210e+03
1.095439619992476764e+03
1.095362325186037879e+03
1.095440718738010901e+03
1.096749730858965904e+03
1.097295390480157266e+03
1.096520081222057343e+03
1.096811812112371854e+03
1.096366943206427322e+03
1.096030398602315017e+03
1.095473487540295309e+03
1.094469107026678103e+03
1.094022314634215945e+03
1.094275176493920981e+03
1.093967483283868432e+03
1.093526780110719756e+03
1.093537654633858892e+03
1.094124805285890716e+03
1.094205577014993651e+03
1.093880636259279981e+03
1.093497294293998266e+03
1.093750281513066511e+03
1.093603262808393083e+03
1.093597507867025570e+03
1.092776361540560401e+03
1.092302530869269503e+03
1.092270292955593504e+03
1.092209191381388564e+03
1.092739487018585123e+03
1.092398648975116203e+03
1.092257085839907404e+03
1.092483066167365905e+03
1.091576351935252433e+03
1.091512537299835003e+03
1.091715215111807993e+03
1.092065501219922453e+03
1.092540347408650177e+03
1.091857704781888742e+03
1.091937998027460935e+03
1.090996556129047576e+03
1.091255430796816654e+03
1.090156876658885039e+03
1.090882514803122149e+03
1.090733466242900022e+03
1.090991704905412234e+03
1.090663914061517744e+03
1.090329933917018707e+03
1.090068583521985374e+03
1.090039505933460532e+03
1.090286967895494399e+03
1.089740682580254315e+03
1.089031812256751437e+03
1.089096689767538464e+03
1.089549704156958569e+03
1.089994697125421681e+03
1.089678299497277067e+03
1.090121979754688937e+03
1.089885299450375214e+03
1.090309181047308130e+03
1.090759753916637010e+03
1.091216760856589190e+03
1.091520710827351422e+03
1.091394713903126558e+03
1.091458838501954688e+03
1.090652971884496310e+03
1.090548421218001295e+03
1.090099632981683044e+03
1.090306484479855499e+03
1.091513683226957255e+03
1.090774858844260052e+03
1.090728294802678647e+03
1.091177089445104457e+03
1.091261016298223467e+03
1.091607846805027521e+03
1.091723711056997217e+03
1.091901239013352324e+03
1.092950931681438533e+03
1.093566399147594211e+03
1.093469995039304195e+03
1.093182265351497108e+03
1.093385598374363553e+03
1.093220814217777843e+03
1.092517704027377931e+03
1.092012791718727385e+03
1.091671048902442408e+03
1.091800276966817592e+03
1.091727608748172543e+03
1.091971336682637457e+03
1.092061574721727311e+03
1.091921298342328555e+03
1.092250776607226726e+03
1.092595641540664246e+03
1.092485097212589608e+03
1.092659410782170426e+03
1.093036385553223681e+03
1.094056357303353479e+03
1.094510499378623990e+03
1.093711590619002436e+03
1.093529985149445110e+03
1.093635308901468989e+03
1.093575696410090131e+03
1.092961713633223553e+03
1.093238993967190709e+03
1.093556355937194894e+03
1.093725724020705002e+03
1.093763807079248181e+03
1.094243681821094242e+03
1.093916199013993491e+03
1.093948920584481812e+03
1.093422585185091748e+03
1.092940870718111000e+03
1.092363988281237880e+03
1.092615982697965137e+03
1.093241636445954100e+03
1.093741809897452868e+03
1.094373867278944999e+03
1.094233851625627949e+03
1.094753371677488303e+03
1.094363962511718228e+03
1.094150072474189528e+03
1.093889409470780947e+03
1.094366280259092264e+03
1.094722408233962369e+03
1.094177421101119080e+03
1.094371914912303509e+03
1.094235090569698059e+03
1.093684599816063383e+03
1.093096167229356979e+03
1.093210215528928302e+03
1.093486021717206313e+03
1.093087878272577200e+03
1.092106799394394329e+03
1.092171900721500378e+03
1.091946138703732004e+03
1.091896678928921801e+03
1.092188204788544681e+03
1.091686393968240054e+03
1.091014840716476328e+03
1.090509458869876198e+03
1.090913418755408657e+03
1.090270466725271717e+03
1.090314803977897327e+03
1.089922608448798428e+03
1.090273272508606851e+03
1.090125261093403196e+03
1.090149209605878923e+03
1.090506541616188542e+03
1.090860324995043811e+03
1.090906418932729594e+03
1.091760148037030604e+03
1.091767179442303586e+03
1.091764232662422046e+03
1.091604962259796366e+03
1.091677607601307045e+03
1.091626111977199116e+03
1.091862624951620319e+03
1.091638501995784281e+03
1.092455763308394353e+03
1.092093576003523367e+03
1.091498555908819299e+03
1.090686723886696882e+03
1.090814627739555817e+03
1.090855337247513944e+03
1.090456680741971468e+03
1.090108948397566792e+03
1.089981359999599817e+03
1.090011221424091673e+03
1.089665460643297592e+03
1.089365834668753905e+03
1.090937613567291464e+03
1.091005073353045191e+03
1.091571392090977724e+03
1.091086813807143926e+03
1.090531627810087230e+03
1.089610338379596897e+03
1.089296775619473920e+03
1.088975722139407708e+03
1.089166682764525376e+03
1.089313815338952281e+03
1.088929137703355536e+03
1.089812229886014165e+03
1.089066542476203722e+03
1.088909424655816792e+03
1.089345270223144098e+03
1.088824303876914655e+03
1.089299445057859430e+03
1.089206640958786011e+03
1.089970312017647984e+03
1.090011856840697874e+03
1.089717858969075451e+03
1.089338127627801441e+03
1.089224822670346612e+03
1.090222524630923317e+03
1.090277133817606000e+03
1.090179980399222359e+03
1.090191392410416711e+03
1.089758679545357381e+03
1.090440795170249430e+03
1.090746603090233293e+03
1.090980729835870079e+03
1.091478751448052662e+03
1.091325192984373871e+03
1.091624432915481975e+03
1.091653353175459188e+03
1.091021424457718240e+03
1.091170623751749190e+03
1.091614574970779813e+03
1.091958414471525657e+03
1.091738895749392668e+03
1.091229976391824948e+03
1.091589718567217687e+03
1.091230499849150419e+03
1.090810355416435641e+03
1.091624211378811196e+03
1.091660990190246821e+03
1.092568672660248012e+03
1.092248473101515174e+03
1.092464859647583125e+03
1.092554451631855272e+03
1.092848075252795525e+03
1.093379548274603167e+03
1.092786515713379913e+03
1.092163349509239197e+03
1.091730924192851035e+03
1.092025223692364762e+03
1.092571052437645676e+03
1.092108501045461708e+03
1.091640652261843570e+03
1.091984989719390796e+03
1.091700302041481791e+03
1.091616516248976950e+03
1.091957075925779009e+03
1.091495192372198062e+03
1.091173580734303414e+03
1.091473374754032648e+03
1.091300903314013567e+03
1.091396436232060978e+03
1.091238433660725832e+03
1.091410589864379517e+03
1.091400471018115695e+03
1.091380597806665264e+03
1.090828769577596404e+03
1.090668596416243645e+03
1.090295363146962700e+03
1.089957929101998843e+03
1.090032474606102369e+03
1.089701354715973139e+03
1.089598099770564659e+03
1.090188608237675226e+03
1.090526417786663842e+03
1.090409423728063302e+03
1.090105433281458090e+03
1.089914263430800020e+03
1.089772198933016853e+03
1.089306364407244473e+03
1.088706370314422657e+03
1.088880325021964381e+03
1.088617206650612843e+03
1.089001432182850067e+03
1.088972047054813402e+03
1.089539347269346081e+03
1.089749847820130981e+03
1.089650074140149627e+03
1.089744289707985672e+03
1.090197879309569316e+03
1.090011136040451220e+03
1.090257185692714529e+03
1.090657151152123561e+03
1.090304907394360953e+03
1.090554100035415331e+03
1.090269327345520651e+03
1.090012401589228830e+03
1.090088544157350043e+03
1.089510519575922672e+03
1.089998584041643426e+03
1.089777295799446847e+03
1.089425909433149855e+03
1.089454906252358569e+03
1.089432476600408563e+03
1.089811569584145218e+03
1.089775952406952229e+03
1.089641407581818612e+03
1.089021556468745302e+03
1.088586671621903179e+03
1.088561705136121645e+03
1.088878915773743984e+03
1.088808816993590654e+03
1.088562326951138857e+03
1.088509647429430970e+03
1.088286568382959331e+03
1.088236021444715334e+03
1.088019427355804964e+03
1.087529338962030124e+03
1.086598466710517641e+03
1.085921343582517920e+03
1.086273963712274281e+03
1.085955375082626915e+03
1.085637339980902198e+03
1.085174494044373660e+03
1.085852737156104922e+03
1.085428468201862415e+03
1.085400437155731652e+03
1.086013076656073054e+03
1.086011284636295159e+03
1.087196678613057657e+03
1.087164229155451721e+03
1.087160884892882905e+03
1.086905313483768623e+03
1.088041113836219438e+03
1.087860569802432337e+03
1.087873463237514898e+03
1.087309623982725952e+03
1.087826608176425680e+03
1.088281487277596398e+03
1.088490763622037548e+03
1.088731110948815513e+03
1.088926271760662758e+03
1.089196461118304796e+03
1.089291077549117063e+03
1.088723549491301810e+03
1.088651701158129299e+03
1.088354556497730073e+03
1.088726039709073120e+03
1.088528582825745389e+03
1.088916288302581734e+03
1.088673327822049032e+03
1.088331387784121262e+03
1.088199631401169881e+03
1.088261580728643139e+03
1.088884729718209428e+03
1.089163430056101788e+03
1.089172925628223766e+03
1.089203354595416613e+03
1.089407144554316574e+03
1.088758803406608422e+03
1.089308740069457144e+03
1.088734081284983176e+03
1.088376173655562070e+03
1.087919972014981568e+03
1.087784925989157728e+03
1.087078875303821633e+03
1.086850440832029790e+03
1.086696498185396194e+03
1.086290490302598528e+03
1.086402370597143317e+03
1.086355362196969509e+03
1.086523411257475800e+03
1.086207035212851451e+03
1.086714662515706095e+03
1.086545255040191705e+03
1.086425062965909319e+03
1.086085408619316013e+03
1.086235406289657249e+03
1.086554238230024112e+03
1.085932347684145952e+03
1.085914387470232214e+03
1.085760058651752615e+03
1.086339406443130429e+03
1.086497959612716386e+03
1.087042868345739180e+03
1.087677571475100422e+03
1.088053436010367250e+03
1.088414211513769487e+03
1.088538349381139824e+03
1.087906766554571959e+03
1.088220394623722996e+03
1.088482831434086620e+03
1.088685577854933172e+03
1.088576785898744447e+03
1.088642834162471217e+03
1.088895579016262218e+03
1.088451050388852991e+03
1.088075039301409333e+03
1.087737086123461268e+03
1.087896025435200727e+03
1.087786729405423330e+03
1.088160848302140266e+03
1.087600089877280197e+03
1.087859592165417098e+03
1.087821272998221275e+03
1.087518686513414423e+03
1.087430492062109352e+03
1.087661553875534992e+03
1.087382722598544888e+03
1.087059033159125420e+03
1.087396418325430432e+03
1.087319654635920870e+03
1.087732768726034237e+03
1.087708261497204148e+03
1.087892498157681302e+03
1.087801687791682070e+03
1.087684145960854721e+03
1.087804108437093646e+03
1.088279236814363458e+03
1.087973175834880749e+03
1.088433641784193696e+03
1.088765718978474524e+03
1.088794679954080493e+03
1.088631244388870527e+03
1.088485228318992085e+03
1.088606338028276923e+03
1.088545049755183300e+03
1.088112977501633850e+03
1.087916918420533875e+03
1.087709200242168208e+03
1.087649252650807284e+03
1.087535085927823502e+03
1.088116322474279514e+03
1.088236234803353682e+03
1.088761733126819536e+03
1.088534581465782594e+03
1.088302237191767517e+03
1.088365025835833649e+03
1.087970940161516410e+03
1.088267269113124939e+03
1.088485679425959233e+03
1.089133231615461000e+03
1.089248289182417238e+03
1.088917105848231131e+03
1.088810581984606188e+03
1.088592128064222379e+03
1.088214597488637992e+03
1.088168490239119137e+03
1.088066896108597120e+03
1.088301647628840556e+03
1.087922419348639096e+03
1.087562686138515119e+03
1.087296105045161767e+03
1.087334523499137504e+03
1.087148987565506786e+03
1.087135741563404281e+03
1.086590170680163055e+03
1.086507513517103916e+03
1.086332493526398821e+03
1.086533735581521796e+03
1.086193767785776799e+03
1.085857703397070054e+03
1.085630897564733914e+03
1.085305545670787524e+03
1.085332393299900559e+03
1.085593490357706287e+03
1.085615805909145820e+03
1.085633728928585697e+03
1.085474165896677505e+03
1.085523619151263574e+03
1.085932651503009765e+03
1.085791820162583917e+03
1.086070978787661261e+03
1.085787455654144196e+03
1.085855362947151662e+03
1.085303856734876263e+03
1.085509958577915768e+03
1.085775753686070630e+03
1.086078175928164683e+03
1.085857657814612139e+03
1.085941833495117635e+03
1.086003779739933861e+03
1.085852007973060154e+03
1.086544986361873498e+03
1.086341826217254720e+03
1.085865561839762222e+03
1.086407787463672321e+03
1.085755899405091668e+03
1.085699716553470125e+03
1.085907829136684086e+03
1.085730166278711522e+03
1.085314667716200120e+03
1.085458224053570802e+03
1.085365090059029853e+03
1.085639655723340866e+03
1.085882947647763785e+03
1.086147891213646517e+03
1.086316341326270276e+03
1.086151557470925582e+03
1.085531004981343585e+03
1.085485870781250924e+03
1.085614495802021111e+03
1.085227129342438957e+03
1.085649178355216918e+03
1.085060014157862042e+03
1.084663786755826322e+03
1.084384344539281074e+03
1.083977518700033443e+03
1.083612963266514953e+03
1.083446019784119699e+03
1.083296581964388679e+03
1.083064737504436835e+03
1.083118075843372480e+03
1.083360178502715371e+03
1.083801019012986899e+03
1.084116864229850535e+03
1.084545381366206357e+03
1.084439170099104103e+03
1.084491538466843394e+03
1.084574123452967569e+03
1.084279295559360889e+03
1.083732889496741564e+03
1.083578677007096758e+03
1.083666124241959778e+03
1.083954701705730940e+03
1.083975971463608403e+03
1.083974322108346087e+03
1.084356940540485084e+03
1.084515449429954060e+03
1.084652066395296742e+03
1.085023839821485808e+03
1.084809075065160187e+03
1.085016776325867113e+03
1.085016112261836952e+03
1.084537112038073019e+03
1.084301840711009618e+03
1.084097901106111522e+03
1.083669958084187556e+03
1.083359023508818154e+03
1.083376006839818501e+03
1.083626063328469854e+03
1.084155196980933852e+03
1.084183831269977418e+03
1.084017064977609152e+03
1.084428764338681049e+03
1.084595559208956047e+03
1.084465354785023010e+03
1.083973082691316904e+03
1.084202741273396214e+03
1.084202268942364299e+03
1.083981024496193186e+03
1.084011962853315254e+03
1.084374970510644516e+03
1.084290339667002399e+03
1.084545324417208576e+03
1.084440405536513708e+03
1.084743872566440587e+03
1.084471909827932677e+03
1.084848343534605192e+03
1.084871849326473239e+03
1.085077941543557472e+03
1.085033371208746075e+03
1.085409085252129671e+03
1.085647981927080082e+03
1.085364801792464732e+03
1.084905276453876695e+03
1.085249374844505382e+03
1.084997136124094595e+03
1.084524178220184695e+03
1.084571266198471449e+03
1.084115792939455105e+03
1.084830133405071138e+03
1.085365331365194606e+03
1.085393073339551393e+03
1.085455654022295221e+03
1.085595719888139229e+03
1.086162425311391644e+03
1.086122380889771875e+03
1.086196689686442596e+03
1.086190675014900080e+03
1.086132427097805703e+03
1.086186053425571345e+03
1.086651602633691027e+03
1.086731828303690236e+03
1.086885930147797353e+03
1.086909584301897439e+03
1.086967079351923530e+03
1.086881560359933701e+03
1.087008492144571392e+03
1.086628545264951981e+03
1.086492961138678766e+03
1.086683519930523971e+03
1.086589957881783903e+03
1.086369128662074445e+03
1.086005773090638741e+03
1.086079798379660588e+03
1.085886168256552082e+03
1.085609154391768243e+03
1.085672134395059402e+03
1.085478515460543349e+03
1.085852539225068085e+03
1.085993180171605218e+03
1.086390657061333059e+03
1.086152287253466511e+03
1.086431790589203501e+03
1.086200269113218610e+03
1.085806942728791455e+03
1.085868477201980113e+03
1.086370482406788824e+03
1.086831037085914204e+03
1.086991467789475109e+03
1.086924064418469015e+03
1.086994939173740477e+03
1.086531885101558828e+03
1.086839070292660836e+03
1.086708200886095256e+03
1.086842881307233483e+03
1.086581068541460127e+03
1.086712603177297296e+03
1.086551160162067845e+03
1.087155102693938488e+03
1.087040978111819868e+03
1.087009751926691479e+03
1.086905079404796879e+03
1.086883774173780921e+03
1.086733911204040623e+03
1.086580288740957940e+03
1.086300992754430581e+03
1.086610155184427867e+03
1.087006670159937812e+03
1.086874676035903803e+03
1.086340183882848578e+03
1.086702582247812643e+03
1.087022716352581028e+03
1.087071249852235269e+03
1.087299969746451552e+03
1.087458241750577372e+03
1.087165525536478299e+03
1.087392958309997084e+03
1.087112959466349821e+03
1.086658562665249974e+03
1.086895702257307221e+03
1.086905228765519496e+03
1.087028298567889124e+03
1.087202827235463474e+03
1.087057721282471221e+03
1.086818179552740730e+03
1.086970061194646632e+03
1.087179270167954655e+03
1.087298629353807883e+03
1.087483992152559040e+03
1.087311592569750019e+03
1.086961114568851372e+03
1.087037596122907644e+03
1.087166295343228285e+03
1.086585471774968937e+03
1.086728510406672740e+03
1.086803829866637443e+03
1.087192409359324984e+03
1.087290555979553801e+03
1.087176316651992920e+03
1.087400338783165353e+03
1.087165208534293470e+03
1.087503876011124930e+03
1.087336741766161595e+03
1.087663899635899270e+03
1.087756434350411382e+03
1.087492929520066355e+03
1.087285000805998152e+03
1.087151446174798139e+03
1.086710493010134314e+03
1.087196061616891029e+03
1.087075278259323113e+03
1.087138429037729793e+03
1.086924652515773005e+03
1.086727373171178215e+03
1.086450627094441188e+03
1.086383088642328403e+03
1.086195920675561865e+03
1.086014115310039642e+03
1.086070419599165234e+03
1.086252423481544611e+03
1.086528629451004235e+03
1.086452083919816005e+03
1.086339842854466724e+03
1.086156289690440417e+03
1.085662784153187658e+03
1.085721373647451401e+03
1.085792984407159338e+03
1.086071411981148458e+03
1.086030963238086997e+03
1.085887271546354214e+03
1.085830672074808035e+03
1.085589793042575593e+03
1.085873927425477405e+03
1.085751162540992709e+03
1.085886785386494012e+03
1.085530676056591801e+03
1.085660472291284123e+03
1.086016586344377629e+03
1.085911856262506490e+03
1.085724590039611485e+03
1.085882703136065402e+03
1.086096215778191890e+03
1.086143146117065044e+03
1.086168569525942530e+03
1.086168719321811295e+03
1.086509917220404077e+03
1.086415965086592678e+03
1.086314167135785965e+03
1.086132792060396923e+03
1.085985314639988246e+03
1.085912297742637065e+03
1.086180892899410765e+03
1.086226398104975488e+03
1.086133233878478677e+03
1.086169318884733912e+03
1.086063153597629025e+03
1.085847267960128420e+03
1.085664873028272041e+03
1.085619086892465702e+03
1.085228018009799598e+03
1.085234701654967694e+03
1.085498036981019823e+03
1.086067322101483569e+03
1.085721708424938015e+03
1.085780221213109144e+03
1.085579794655438263e+03
1.085494191532524155e+03
1.085713119381598062e+03
1.085725612306944640e+03
1.085442639505436091e+03
1.085462904244152014e+03
1.085889797551069705e+03
1.085632256566751948e+03
1.085304393036798956e+03
1.084900440159601885e+03
1.084602501155877917e+03
1.084781937790689199e+03
1.084628331402744607e+03
1.084698989768710589e+03
1.084865155729223034e+03
1.084893393087040749e+03
1.084724913833218125e+03
1.084731169340977431e+03
1.084580553941680591e+03
1.084629944779847847e+03
1.084709690203620767e+03
1.084756794171160891e+03
1.084616937860057305e+03
1.084493600735974042e+03
1.084599541327128009e+03
1.084687639611353461e+03
1.084262769313812214e+03
1.084361048632865050e+03
1.084444931187949578e+03
1.084375780766997877e+03
1.084243407402312414e+03
1.084281763755372822e+03
1.084192459461035924e+03
1.084352552396490637e+03
1.084368869274333520e+03
1.084571808839242067e+03
1.084984184797226362e+03
1.084988647027586694e+03
1.085081039567001199e+03
1.085081815584444030e+03
1.084807573314709089e+03
1.084377811274321175e+03
1.084427008225831287e+03
1.084338352253800167e+03
1.084147288911350188e+03
1.084381865795998237e+03
1.084776740366267404e+03
1.084807504072422034e+03
1.084541231103663222e+03
1.084235769467380123e+03
1.083994029155144290e+03
1.083577512673022738e+03
1.083097267120235756e+03
1.083224734001637671e+03
1.083427485084682985e+03
1.083404375622848420e+03
1.083225414239615247e+03
1.083386607295177100e+03
1.083035320424066413e+03
1.082733438332008291e+03
1.082798293519985691e+03
1.082724319421642122e+03
1.082846608349546386e+03
1.082667401150760497e+03
1.082752584290800542e+03
1.082688099682099846e+03
1.082586437617900856e+03
1.082367263509541999e+03
1.082798859279591170e+03
1.083072813565843489e+03
1.083276262238368417e+03
1.083234274158698781e+03
1.083251568802344991e+03
1.083198494230313145e+03
1.082976593863247672e+03
1.083127295366335602e+03
1.083171713003745481e+03
1.083195038327796965e+03
1.083062094730166336e+03
1.082970334795192912e+03
1.082583102322063496e+03
1.082279546513319929e+03
1.082362739179619894e+03
1.082671495531749088e+03
1.082472712790200376e+03
1.082309116671702895e+03
1.082356952014224134e+03
1.082210515592591037e+03
1.082037082592888510e+03
1.082261624973962398e+03
1.082705795156719887e+03
1.082472124074348585e+03
1.082337434109945889e+03
1.082496908643341612e+03
1.082633442060357766e+03
1.082958303171726129e+03
1.082495444849043224e+03
1.082642584358896784e+03
1.082871241469246115e+03
1.083051843525691083e+03
1.082798047531767452e+03
1.083140648771322049e+03
1.083409507126470089e+03
1.083520225952510600e+03
1.083637295127633024e+03
1.083533390027226233e+03
1.083706239234953046e+03
1.083932490949250905e+03
1.083517244467148203e+03
1.083420938046105448e+03
1.083437833061818765e+03
1.083192955765027591e+03
1.083019388843439401e+03
1.082833310713586116e+03
1.083092929043933736e+03
1.083208687742402844e+03
1.083288510356020652e+03
1.083560668637377375e+03
1.083360531284627996e+03
1.083111180720183711e+03
1.083418264816914188e+03
1.083470972580892067e+03
1.083325416980845375e+03
1.083524356747877164e+03
1.083486794980414288e+03
1.083288405689864476e+03
1.083347136015009028e+03
1.083327942184657104e+03
1.083716444717356353e+03
1.083404534087565253e+03
1.083388243233611774e+03
1.083934112719856103e+03
1.083898994799560569e+03
1.083867508467981452e+03
1.083788140474608781e+03
1.083591253264499528e+03
1.083524362939245520e+03
1.083503887044078283e+03
1.083352200447200175e+03
1.083512179553814804e+03
1.083028594466598179e+03
1.082833978824126461e+03
1.083238108091089089e+03
1.083597080952770511e+03
1.083894824522280487e+03
1.083493494223991092e+03
1.083692489542578187e+03
1.083958138780294803e+03
1.083625701756240915e+03
1.083606451188050642e+03
1.083377184363258266e+03
1.083609422293229500e+03
1.083761288406544054e+03
1.083637418550949860e+03
1.083470331191324476e+03
1.083985941617189837e+03
1.084166311105783507e+03
1.084302876705885183e+03
1.084636127846630870e+03
1.084369072456249569e+03
1.084069591380957263e+03
1.084034896125518117e+03
1.084343525050522430e+03
1.084501114702259201e+03
1.084749556722146281e+03
1.085045789008006750e+03
1.085187018301847274e+03
1.085057669701291616e+03
1.085496005463189022e+03
1.085189452620435759e+03
1.085191095644295501e+03
1.084912597740337333e+03
1.084913273056462003e+03
1.085104700886529145e+03
1.085205262580484032e+03
1.085436307956867267e+03
1.085589658210618154e+03
1.085706579941498376e+03
1.085733463262185296e+03
1.085327472520231368e+03
1.085099093901126025e+03
1.085002946140248469e+03
1.084893618717302161e+03
1.084806275901848721e+03
1.085058980434455634e+03
1.085152467484673934e+03
1.085097787953775878e+03
1.085293209786283342e+03
1.084963881491939446e+03
1.084977965284726906e+03
1.085138943125200058e+03
1.085266106203840764e+03
1.085292471647936054e+03
1.085042950852285685e+03
1.085080503904264560e+03
1.085273260464039822e+03
1.085105077095434808e+03
1.084723041547175171e+03
1.084688903628187063e+03
1.084529149457592439e+03
1.084548032832279659e+03
1.084696048987539143e+03
1.085100343371841973e+03
1.085296403626252868e+03
1.085470836144535497e+03
1.085243116723815319e+03
1.085024624022237049e+03
1.085177071414070497e+03
1.085451281997078695e+03
1.085275161340531213e+03
1.085415276581273474e+03
1.085228145242484970e+03
1.085505761663893736e+03
1.085503982722468891e+03
1.085119429663258870e+03
1.085125361435938657e+03
1.085174367607302202e+03
1.085571345991098951e+03
1.085471117407868860e+03
1.085421691301706687e+03
1.085590952080042371e+03
1.085472394547907925e+03
1.085894937348398798e+03
1.086107523036316252e+03
1.085894244240792432e+03
1.086179764812119402e+03
1.086207391619846703e+03
1.086299078472066412e+03
1.086301139344853709e+03
1.086320977220187388e+03
1.086115080592720915e+03
1.085958722908963864e+03
1.085826983055570736e+03
1.085828835004310349e+03
1.085719284501749371e+03
1.085960872205011356e+03
1.085980086696964463e+03
1.085938112559830870e+03
1.085984275978991263e+03
1.086054650971600950e+03
1.086055075811558027e+03
1.086032035261941928e+03
1.085954450307406205e+03
1.085895659544228920e+03
1.085896456988046111e+03
1.085884965442815883e+03
1.086133045694130715e+03
1.086162238254586100e+03
1.086576564847775217e+03
1.086372849983660672e+03
1.086292676208139028e+03
1.086288618212554411e+03
1.086197061876617454e+03
1.086226809635950076e+03
1.086227065285745994e+03
1.086089234922123978e+03
1.085768229422053764e+03
1.085809481396697720e+03
1.085792417991499178e+03
1.085957520731863497e+03
1.085814513362642856e+03
1.085718190443636104e+03
1.085832035567205367e+03
1.085824207715725152e+03
1.085822310254778813e+03
1.085659266745988134e+03
1.085722770802926789e+03
1.085786153241342390e+03
1.085809169392803142e+03
1.085773894294667116e+03
1.085526476388315814e+03
1.085587647014477625e+03
1.085995752706247231e+03
1.086002730374664225e+03
1.086279117764395323e+03
1.086082437012019000e+03
1.085880904274622708e+03
1.085525455700406155e+03
1.085433630423285422e+03
1.085283210670004109e+03
1.085466373896979349e+03
1.085350059480762184e+03
1.085628510721492830e+03
1.085650268779342014e+03
1.085848199474400417e+03
1.085716795585106411e+03
1.085686631933426952e+03
1.085795418873123481e+03
1.085965446105709816e+03
1.086171290024494510e+03
1.086394069572736043e+03
1.086723502593465355e+03
1.086676185166930054e+03
1.086617860719257123e+03
1.086770344091498373e+03
1.086704720524755885e+03
1.086723708696741824e+03
1.086586626789587172e+03
1.086256591788729338e+03
1.086158053394375202e+03
1.086133634338854563e+03
1.086008113897980138e+03
1.086213013594616086e+03
1.086305170364604692e+03
1.086800683724942701e+03
1.086781302025460036e+03
1.086505776892144695e+03
1.086681327532663090e+03
1.086546111076369925e+03
1.086423374242589716e+03
1.086275346165996552e+03
1.086535243517723529e+03
1.086698468166713837e+03
1.086290894740420526e+03
1.086240981680519099e+03
1.086406590216341101e+03
1.086063986056810791e+03
1.086056898714272165e+03
1.085824473057584783e+03
1.085691462238655504e+03
1.085457552214978250e+03
1.085515373345408989e+03
1.085621422284633354e+03
1.085648041845986199e+03
1.085700690865208571e+03
1.085911433116476928e+03
1.085940063104321780e+03
1.085795094224424474e+03
1.085787263901577717e+03
1.086062130096568126e+03
1.086324652218296933e+03
1.086304539405724654e+03
1.086017998447148557e+03
1.085659278153607602e+03
1.085684890386534789e+03
1.085827828647082470e+03
1.085862430278460124e+03
1.085797474815935630e+03
1.086250346186829574e+03
1.086423049489275627e+03
1.086851772873602840e+03
1.086613177339718277e+03
1.086296727663408092e+03
1.086324811794838524e+03
1.086281333380207798e+03
1.086297206588730432e+03
1.085973688513761772e+03
1.085979365323319826e+03
1.086163331421883640e+03
1.086132838773030244e+03
1.086034407941025620e+03
1.085999043428330197e+03
1.085747678325260949e+03
1.085934133051314120e+03
1.086006815166376782e+03
1.085995774481702711e+03
1.085714288155640133e+03
1.085683867671684311e+03
1.085622830295080576e+03
1.085338640358202611e+03
1.085136297894848667e+03
1.085460790682891911e+03
1.085349156733870132e+03
1.085248040550222413e+03
1.085215022213813427e+03
1.085272516119172451e+03
1.084979157201299131e+03
1.084912633584775904e+03
1.084843365040855815e+03
1.084950322269719891e+03
1.084971970407995741e+03
1.085028362335755219e+03
1.084935082611882308e+03
1.084952449972359318e+03
1.084881949866966806e+03
1.084777818775833111e+03
1.085131539694666799e+03
1.085094221594629971e+03
1.084895442471522074e+03
1.085111750844264179e+03
1.085268450910016554e+03
1.085400938008507410e+03
1.085278111368157852e+03
1.085438452769305059e+03
1.085440945850082926e+03
1.085306869420892554e+03
1.085227092922400288e+03
1.085299487420596506e+03
1.085537742155065644e+03
1.085938441593456218e+03
1.086114985374417529e+03
1.086218986916911035e+03
1.086227431738140467e+03
1.085837941550736559e+03
1.085808543000734062e+03
1.085832112194506635e+03
1.086092640784346031e+03
1.086132875320721723e+03
1.086120292672393589e+03
1.086252863236437406e+03
1.086160983954157246e+03
1.086251780613238907e+03
1.086236264657563652e+03
1.085904667448689679e+03
1.086140971993931316e+03
1.086274439926451805e+03
1.086307180371313734e+03
1.086117353435238101e+03
1.086220689784662454e+03
1.086300306416550711e+03
1.086172211988465506e+03
1.086262967699966566e+03
1.086628153236104708e+03
1.086362923485809006e+03
1.086513189399053090e+03
1.086689953124399608e+03
1.086525909993125197e+03
1.086534752017038045e+03
1.086389694004198191e+03
1.086186755135084013e+03
1.086233480049165792e+03
1.086001934426606340e+03
1.085849251634150505e+03
1.085910974792661136e+03
1.085938753963095451e+03
1.086040204639215062e+03
1.085786450943802265e+03
1.085712662595174834e+03
1.085894351762374527e+03
1.086095155379588959e+03
1.086046517416528559e+03
1.086180375011593924e+03
1.086093311530380333e+03
1.086060782407232182e+03
1.086276748198795758e+03
1.086145398144552473e+03
1.085930591591869415e+03
1.085825404624204111e+03
1.085883208022938106e+03
1.085704387898195591e+03
1.085514834231482155e+03
1.085587097939499927e+03
1.085879425242883144e+03
1.085917225334268096e+03
1.085730729537044454e+03
1.085776557076113022e+03
1.085751369085140595e+03
1.085964877705029039e+03
1.085723328742684316e+03
1.085834757934839445e+03
1.085641764737086987e+03
1.085441741006765824e+03
1.085506810265110971e+03
1.085260237407172554e+03
1.085081282802645546e+03
1.084998937396082965e+03
1.084823429186571275e+03
1.085033034276990747e+03
1.084956960865773681e+03
1.084582299697137159e+03
1.084449436632301285e+03
1.084147731628757583e+03
1.084212499550087387e+03
1.084137105836059845e+03
1.084290178447537983e+03
1.084371589145129747e+03
1.084295358120054971e+03
1.084249063291611719e+03
1.084263678020337466e+03
1.084547894846245299e+03
1.084618154941793136e+03
1.084842730624556225e+03
1.084780186364673227e+03
1.084723172916126941e+03
1.084285811081089832e+03
1.084314396588784120e+03
1.084112584236930388e+03
1.084122038137064692e+03
1.084420857154384521e+03
1.084612519869017660e+03
1.084419737703363580e+03
1.084304574779051791e+03
1.084287509150689630e+03
1.084047554326183217e+03
1.083851130071791886e+03
1.083827988746223355e+03
1.083679112745028533e+03
1.083624104080668303e+03
1.083957929376686934e+03
1.084280478782564842e+03
1.084452510359128610e+03
1.084534172925031498e+03
1.084289845788395496e+03
1.084021916803816566e+03
1.083829372301090643e+03
1.083899075019907514e+03
1.084189948859880133e+03
1.084333969742942827e+03
1.084052162968461744e+03
1.083729001935249244e+03
1.083989697701416617e+03
1.084116468142633948e+03
1.084264447749835199e+03
1.084093274286598216e+03
1.084016250382419003e+03
1.083613230522138110e+03
1.083459469637016355e+03
1.083413565138734839e+03
1.083830526948250508e+03
1.083623716350517952e+03
1.083763283346213484e+03
1.083387470563619218e+03
1.083300447786458562e+03
1.083137307787463214e+03
1.083166260175518346e+03
1.083143801146228043e+03
1.083209110599276755e+03
1.083281261791928273e+03
1.083084571899146795e+03
1.082940870231961071e+03
1.082581071052529296e+03
1.082728306056571910e+03
1.082584512126677964e+03
1.082639975103433926e+03
1.082748376302369934e+03
1.082713906284875293e+03
1.082760143349238888e+03
1.082786161543096114e+03
1.082980505178508110e+03
1.082743822409504219e+03
1.082795586101549361e+03
1.082975450536939888e+03
1.082687502093630201e+03
1.082672852782139216e+03
1.082567746060971331e+03
1.082358028406985795e+03
1.082729100018739700e+03
1.082692787451476079e+03
1.082657269341991650e+03
1.082490823618607010e+03
1.082864055924945433e+03
1.082621410959367950e+03
1.082601591703710938e+03
1.082557242709765887e+03
1.082454111454713484e+03
1.082580969366264526e+03
1.082351181441377094e+03
1.082378194697491608e+03
1.082351243203703461e+03
1.082279189185106588e+03
1.082182175559416919e+03
1.081986555860814860e+03
1.082101880635764246e+03
1.082066969555955211e+03
1.082129429129030996e+03
1.081966946312388018e+03
1.081884274490763573e+03
1.081959991173955814e+03
1.081985718918167777e+03
1.081850867379467218e+03
1.081959739725151394e+03
1.082015903583494492e+03
1.081826490175283425e+03
1.081804531963563932e+03
1.081845016873656277e+03
1.081990683896772225e+03
1.082058076052426031e+03
1.082258832702018935e+03
1.082312837855624366e+03
1.082116835375039500e+03
1.082185259022175842e+03
1.082064317935422878e+03
1.082087769019311736e+03
1.081956443420966252e+03
1.081799543333530892e+03
1.081925305069652495e+03
1.081816829928822017e+03
1.081644544657040569e+03
1.081564180005271510e+03
1.081775859002860670e+03
1.081629774570993732e+03
1.081319448581494726e+03
1.081235294711154211e+03
1.081298352093741414e+03
1.081397238876439815e+03
1.081529679744397754e+03
1.081281307192533632e+03
1.081286769146026700e+03
1.081506985419633338e+03
1.081705269063432979e+03
1.081821169529886447e+03
1.081869705821791285e+03
1.081860436861210474e+03
1.081911607434215512e+03
1.081932932669573574e+03
1.081806887485091011e+03
1.081796541193553367e+03
1.081432380573098726e+03
1.081380115315890635e+03
1.081419585331546841e+03
1.081440966423666168e+03
1.081330144437502440e+03
1.081375856635082300e+03
1.081602132789411371e+03
1.081489488407089084e+03
1.081361872089046074e+03
1.081367740386691821e+03
1.081240941924778099e+03
1.081366944991345008e+03
1.081407646759312001e+03
1.081338063045052422e+03
1.081234812496403492e+03
1.081231506394924509e+03
1.081242869447740304e+03
1.081342300256785165e+03
1.081408309328225414e+03
1.081298433456731800e+03
1.081451401941547147e+03
1.081294788670721118e+03
1.081468187926712062e+03
1.081450849009180729e+03
1.081186782139620391e+03
1.081058992715982185e+03
1.081051763702355402e+03
1.081207789924237659e+03
1.081262521635976782e+03
1.080986612515320758e+03
1.080749712479301252e+03
1.080719621960596669e+03
1.080684384209107293e+03
1.080656880414215948e+03
1.080699116353140425e+03
1.081028094261370825e+03
1.080584652359407301e+03
1.080564086129257248e+03
1.080492809211008534e+03
1.080094755676741215e+03
6.591750335693359375e+01
6.289612770080566406e+02
8.490713475545247775e+02
9.718705654144287109e+02
9.964715835571289517e+02
1.099418453216552734e+03
1.136311129978724921e+03
1.177046408653259277e+03
1.144086670769585453e+03
1.137167368316650482e+03
1.148347832419655560e+03
1.156341375668843511e+03
1.135769199077899657e+03
1.155309740066528320e+03
1.143926742299397802e+03
1.130501439452171326e+03
1.097438544329475008e+03
1.095064555803934809e+03
1.064221401816920206e+03
1.069188753700256257e+03
1.068618425460088929e+03
1.037799910285256146e+03
1.026613983154296875e+03
1.052632500171661377e+03
1.050009830474853516e+03
1.048972050446730464e+03
1.036185008154975094e+03
1.035987313951764691e+03
1.040073523028143427e+03
1.037425820922851472e+03
1.035104667294409865e+03
1.027135526180267334e+03
1.033057545748623852e+03
1.022460104325238376e+03
1.029454722595214889e+03
1.045134148067898195e+03
1.066140370343182440e+03
1.058153984220404482e+03
1.045842197809463869e+03
1.057895680141449020e+03
1.059651077084424969e+03
1.050710477828979492e+03
1.064861499431521452e+03
1.071885579109191895e+03
1.075202709282769092e+03
1.069472543716430664e+03
1.076277391880116511e+03
1.071466119448343989e+03
1.063603959920455054e+03
1.070020697631835901e+03
1.069844788345636061e+03
1.070318477263817385e+03
1.073516089961213993e+03
1.070796958923339844e+03
1.070802068883722541e+03
1.076637722492218018e+03
1.078033391517505379e+03
1.075171203876363734e+03
1.071747955192953896e+03
1.067019734191894486e+03
1.062043693354872403e+03
1.072283719770369999e+03
1.072864651574028812e+03
1.075074419796466827e+03
1.081574561133751558e+03
1.075510169173732038e+03
1.070517179005181561e+03
1.069219047153697375e+03
1.069234719594319586e+03
1.073336636189052115e+03
1.077913778439374028e+03
1.079814228216807123e+03
1.077187225603077422e+03
1.074485308982230436e+03
1.072536301422119095e+03
1.075505837741651021e+03
1.078863081746287207e+03
1.085807704143035153e+03
1.086509653839883867e+03
1.088387241315841720e+03
1.094560112117249218e+03
1.088018439688333729e+03
1.089540548577366053e+03
1.096714764595031738e+03
1.091475266063914660e+03
1.085267467853634798e+03
1.084036522920104289e+03
1.085089530988173010e+03
1.086664612416471073e+03
1.084456810421413820e+03
1.084430790607745848e+03
1.075169900956361289e+03
1.073303773018621541e+03
1.073012324211445275e+03
1.070505473508332898e+03
1.072830045759677887e+03
1.071466704909334567e+03
1.070999295662860504e+03
1.069623070283369543e+03
1.069233404865264902e+03
1.066942939663877496e+03
1.065111522955053033e+03
1.062010005228727778e+03
1.061618907873447142e+03
1.059165122786022266e+03
1.057863149301061185e+03
1.058467035864001218e+03
1.057064285154695881e+03
1.053688198632056583e+03
1.055214527112787437e+03
1.052400932604128229e+03
1.053027717573302198e+03
1.050281461580664654e+03
1.046515294141936693e+03
1.048116044600113582e+03
1.045421709669047459e+03
1.045469101359701654e+03
1.048433804770647384e+03
1.048438754602640529e+03
1.047247609790166280e+03
1.052682727766431071e+03
1.052390405357861027e+03
1.048517754795105475e+03
1.051755008282199924e+03
1.050226530014038190e+03
1.047607119560241699e+03
1.045922858786395182e+03
1.047185816183686256e+03
1.045810050032859635e+03
1.048904304489722563e+03
1.047948628418318094e+03
1.046835937875689979e+03
1.041554280603738562e+03
1.040378057949578533e+03
1.040281884242870092e+03
1.040427308152703745e+03
1.038509848114347733e+03
1.035661946877189393e+03
1.037853802180118691e+03
1.036614374446868851e+03
1.036300196532662085e+03
1.039623417290163616e+03
1.039647917327347386e+03
1.040448608756065369e+03
1.041746977168116018e+03
1.040998243449485472e+03
1.038891177417469635e+03
1.036631322886492853e+03
1.032801725592389175e+03
1.029979561653137125e+03
1.028130784786300183e+03
1.029054545716235452e+03
1.032561230590920104e+03
1.035384865884657074e+03
1.031478731303061295e+03
1.031750530646397465e+03
1.031043160104447907e+03
1.031246622145930360e+03
1.030990509980879551e+03
1.031512384569644837e+03
1.032572157214146955e+03
1.032981257132541941e+03
1.035661500275500657e+03
1.035194834464933820e+03
1.037317869556311507e+03
1.036916411319411054e+03
1.034306063246584245e+03
1.037277314447221215e+03
1.035439773570856460e+03
1.034765635625053847e+03
1.036338116327921625e+03
1.038673154154489112e+03
1.040816459203731029e+03
1.044510381709570083e+03
1.045336895828247179e+03
1.044923029281876325e+03
1.048000690708052616e+03
1.045360356780920029e+03
1.047411947484788925e+03
1.047067597081926124e+03
1.045391627327513334e+03
1.044631917754372353e+03
1.047750594905165372e+03
1.044789306547330852e+03
1.044831525493312483e+03
1.050422232135649665e+03
1.050804456302826338e+03
1.052069404449868671e+03
1.051284024283999543e+03
1.053864309863040262e+03
1.051646472381671629e+03
1.050496676176786423e+03
1.048752450666279401e+03
1.049344411525529722e+03
1.048889832472189937e+03
1.048610595596079975e+03
1.050459264271150460e+03
1.049339008456528745e+03
1.048123105312711687e+03
1.050479876756668091e+03
1.053422014957636748e+03
1.054533793373863318e+03
1.053970368343033897e+03
1.056299984922595968e+03
1.057007053403156533e+03
1.059525420188903809e+03
1.060417381314263821e+03
1.058683213664935238e+03
1.057865769719393029e+03
1.057719139943804066e+03
1.056049400519420715e+03
1.057504224282390624e+03
1.059115971462267680e+03
1.060958977663628502e+03
1.060752140746005807e+03
1.058986840733775352e+03
1.057459457195299592e+03
1.055942292073450972e+03
1.057338059072625128e+03
1.056606052147258424e+03
1.055327381125402553e+03
1.057561379089011780e+03
1.056823297911160807e+03
1.056090030627591204e+03
1.055517762934366829e+03
1.058041447774498920e+03
1.059781670146051511e+03
1.059826443212074082e+03
1.058495157108556668e+03
1.057764824319922354e+03
1.058562000877413311e+03
1.057976409591477477e+03
1.058576803845909126e+03
1.059954769044859859e+03
1.058791019886097956e+03
1.059170412475779813e+03
1.058771661372124299e+03
1.058521838749156359e+03
1.057051959871746931e+03
1.057199254933992961e+03
1.057960708531106548e+03
1.057352728954031363e+03
1.057153218438105341e+03
1.058906895082505116e+03
1.058566435047071764e+03
1.057643612877140185e+03
1.057118411129785500e+03
1.056513773402860124e+03
1.057502288504297894e+03
1.056841723365783764e+03
1.057158824153155365e+03
1.057451546540336039e+03
1.059070403336536174e+03
1.061524617195129395e+03
1.061400570072847358e+03
1.061376594491302967e+03
1.061989796746101774e+03
1.063328935349634548e+03
1.064429084475896616e+03
1.063133604130378217e+03
1.062902044179339100e+03
1.063064763418590701e+03
1.063124784353567975e+03
1.066085888378547907e+03
1.065343841689487590e+03
1.063917189325605023e+03
1.063987905845213390e+03
1.062180723225892507e+03
1.062113713239648632e+03
1.061814527857745134e+03
1.059459602672675373e+03
1.058687944419243649e+03
1.058870637195014297e+03
1.059601539688388812e+03
1.058150947092229671e+03
1.057755934210791111e+03
1.057892026102499813e+03
1.056813342519801381e+03
1.056833852316743560e+03
1.056576072686059206e+03
1.056133405984084447e+03
1.056147968271945274e+03
1.054666061596819873e+03
1.055093805830243582e+03
1.054817417633324339e+03
1.053308676266170096e+03
1.054387409509266718e+03
1.054194775005181555e+03
1.055367717841917283e+03
1.056251380479746786e+03
1.056028990499752126e+03
1.055454338550567627e+03
1.055011034181093692e+03
1.055118082649853704e+03
1.054686828697333794e+03
1.055044125756701987e+03
1.055095802043824960e+03
1.054868885878748642e+03
1.054900659727013590e+03
1.055815460084279266e+03
1.055663753997447884e+03
1.055329209277171913e+03
1.055138641388896303e+03
1.056717227440131410e+03
1.058647524180177697e+03
1.059901962560765924e+03
1.060955740521707412e+03
1.062353969604938129e+03
1.061836839478378579e+03
1.062771858123041056e+03
1.063262976367373994e+03
1.062579629268401732e+03
1.062891149447748830e+03
1.062577326410135584e+03
1.060628286131601499e+03
1.059925798808472109e+03
1.059702692416940181e+03
1.060803684264608819e+03
1.062102718407083785e+03
1.061930345147848129e+03
1.060924131642992279e+03
1.062961027151309281e+03
1.062306332325418680e+03
1.062178239216039174e+03
1.062056242529062047e+03
1.061446450724923579e+03
1.060915222430448011e+03
1.061320336580276489e+03
1.061800181107680373e+03
1.062236864234462018e+03
1.061497544089833127e+03
1.061445214725402366e+03
1.063222664755743835e+03
1.063815332201426600e+03
1.064523402706544857e+03
1.063614093241237470e+03
1.063162641423392415e+03
1.063409388271309126e+03
1.062460473777973448e+03
1.061746904266581851e+03
1.061195863376964326e+03
1.061266912097819386e+03
1.062122344042052418e+03
1.061309765488602352e+03
1.061266168903958942e+03
1.061775889021812873e+03
1.060570046015363005e+03
1.060028750085282581e+03
1.059881947465475832e+03
1.060021805686950756e+03
1.059351001245004227e+03
1.059260674514553784e+03
1.058468925503090531e+03
1.059414541282222672e+03
1.058502287684695830e+03
1.058908488225401015e+03
1.058987766730685280e+03
1.060760961314153292e+03
1.061412567462761672e+03
1.063009234497282250e+03
1.062124925909280137e+03
1.061588515766417686e+03
1.060876784873731140e+03
1.060333985271034635e+03
1.059491340788749767e+03
1.060335860856895351e+03
1.059735684236323777e+03
1.058775450151899577e+03
1.058240835220833105e+03
1.057919093760928490e+03
1.058502271580246315e+03
1.058722420215606689e+03
1.059946004356200092e+03
1.058996158625352791e+03
1.060080766759236667e+03
1.060148343334806668e+03
1.058843154092682425e+03
1.058939201193511735e+03
1.057703311321288766e+03
1.059339318712134173e+03
1.058455527713605534e+03
1.057894962964881870e+03
1.058314240403337180e+03
1.057064893022179604e+03
1.057743583921952677e+03
1.057082002140697341e+03
1.056522834013906959e+03
1.056738726188227020e+03
1.058084142881064963e+03
1.059201512414981153e+03
1.058347094762660618e+03
1.057938940500726403e+03
1.057080934417763501e+03
1.058162983836256217e+03
1.057746068346047650e+03
1.059081395462305863e+03
1.059402287206962001e+03
1.059396760811158856e+03
1.060181726493931137e+03
1.059287524590492239e+03
1.059091538060632956e+03
1.059492181858613094e+03
1.059846616072926963e+03
1.060894992143800891e+03
1.061402712857281813e+03
1.062625911792510806e+03
1.062878448162969335e+03
1.064610939180149671e+03
1.063699306530008016e+03
1.065069526723536001e+03
1.065939713160197016e+03
1.065414180019526839e+03
1.065153726642414767e+03
1.066626765748728985e+03
1.066122508124845581e+03
1.066582921078571871e+03
1.065877715767144537e+03
1.066651999108529026e+03
1.066989722062977989e+03
1.066485479341234395e+03
1.066214612417153148e+03
1.066465297332872069e+03
1.066386830877750526e+03
1.066619689801953882e+03
1.066230625345566750e+03
1.065906397738926898e+03
1.065560769552369266e+03
1.064945418968379045e+03
1.065119445956392383e+03
1.065677783207560651e+03
1.065391046701063942e+03
1.066079917232195612e+03
1.065362486766612619e+03
1.064692819626100572e+03
1.063353228378295853e+03
1.062371341490964369e+03
1.063440070796067403e+03
1.063504239064917783e+03
1.064913437450122274e+03
1.064008787931095412e+03
1.064378648022675407e+03
1.064044530821062381e+03
1.062702002906368762e+03
1.063442799589655351e+03
1.064805005975787481e+03
1.066085308703606415e+03
1.066487255817558435e+03
1.066702036214726377e+03
1.066688816516595807e+03
1.067708292537265379e+03
1.068223136863793115e+03
1.066807293271596563e+03
1.067748176587338548e+03
1.068819624917622605e+03
1.068566206582037921e+03
1.068512361974047053e+03
1.068856944474401871e+03
1.068121728901259303e+03
1.067848331322597232e+03
1.067900506430086807e+03
1.067837373890742356e+03
1.068202961550130567e+03
1.067884972537310432e+03
1.068133188301119390e+03
1.067898443976781664e+03
1.068583429700826855e+03
1.068616936036299876e+03
1.069519333338126216e+03
1.069077157762767456e+03
1.068585199392602817e+03
1.069350755861610423e+03
1.069341372720265781e+03
1.069229741179161692e+03
1.069894400749528359e+03
1.069521053527028926e+03
1.069514000744378791e+03
1.069063312662472526e+03
1.068525425511922776e+03
1.068266255472298781e+03
1.067407895608743047e+03
1.067900343956421921e+03
1.068868210626340897e+03
1.068994738201670543e+03
1.068617228969069629e+03
1.067947246461062150e+03
1.069447984879890100e+03
1.069563782345343043e+03
1.069761478654673738e+03
1.070030979394425231e+03
1.070485682316215616e+03
1.071673042192478533e+03
1.071430365209657111e+03
1.071645288088258894e+03
1.071609239860102207e+03
1.072184000716546507e+03
1.071747682029201087e+03
1.072300463505673861e+03
1.072077293767507854e+03
1.071714422325333089e+03
1.072287877864837583e+03
1.071470433526410261e+03
1.071285395037130456e+03
1.071050616645433820e+03
1.071337285855459868e+03
1.071950922110529291e+03
1.071698360333800792e+03
1.071922526098097023e+03
1.071838191922255419e+03
1.071105909662303020e+03
1.071700446585113013e+03
1.072292278614529323e+03
1.071686334129422903e+03
1.071646109512210160e+03
1.071627516560981348e+03
1.071244012203031389e+03
1.070615851272908230e+03
1.071496035286259712e+03
1.070985377622847409e+03
1.069397285432025456e+03
1.069969258763239850e+03
1.069471145153960833e+03
1.069437813258262395e+03
1.069820051211471991e+03
1.069791722326788204e+03
1.069608499516078382e+03
1.068956048124190147e+03
1.068607332073986299e+03
1.068646952072779413e+03
1.068351659342111361e+03
1.067323536070337923e+03
1.067461050920791877e+03
1.067115402429623600e+03
1.066372985023942192e+03
1.065918636643484660e+03
1.066310658527980422e+03
1.066538179241009630e+03
1.066262267789361204e+03
1.066072314039038929e+03
1.065712511766819489e+03
1.065852586760344366e+03
1.066010541912367898e+03
1.066950596679180762e+03
1.067804178487310537e+03
1.068660753930316332e+03
1.069273440558757329e+03
1.069691315724299557e+03
1.070044542546246021e+03
1.070421520358454472e+03
1.069744189229385029e+03
1.069080231760198330e+03
1.069240172612905099e+03
1.070514607671378371e+03
1.069982693529042763e+03
1.068643770754982825e+03
1.068144861472189859e+03
1.067579762273555161e+03
1.067825084083598313e+03
1.067737551412274797e+03
1.068123045837729933e+03
1.068309363188062434e+03
1.067813582510446622e+03
1.067380237172082616e+03
1.067024803053210462e+03
1.068127444544582431e+03
1.068343018320809506e+03
1.068802351833653574e+03
1.068074497256539644e+03
1.066824544866320139e+03
1.067183858009968617e+03
1.066953499656811118e+03
1.067086001795352786e+03
1.066923487846667967e+03
1.066080311613765161e+03
1.065620141830178454e+03
1.065582869826607066e+03
1.065346049898200590e+03
1.065992180181334788e+03
1.066205225697025753e+03
1.066273502007255502e+03
1.066492226626955244e+03
1.066140591619757515e+03
1.065790765981903633e+03
1.064680696176623769e+03
1.063921101021440109e+03
1.063822286113510700e+03
1.064085073191151196e+03
1.064488055276302021e+03
1.063720865515624610e+03
1.064699267887704764e+03
1.065732565171839724e+03
1.066685489163987768e+03
1.067297531688535628e+03
1.066863396141219482e+03
1.066404310875067495e+03
1.066525614743272854e+03
1.067355475700941724e+03
1.066942763368488386e+03
1.067644888128325192e+03
1.068336972492963014e+03
1.069120214811960750e+03
1.069334709592746322e+03
1.069890720025249493e+03
1.069645155158604439e+03
1.069842685251046532e+03
1.068896680191922769e+03
1.068488969343330155e+03
1.068295158329669903e+03
1.068435256073349365e+03
1.069102451293143531e+03
1.068623001917854708e+03
1.068447078430125885e+03
1.068696654781017514e+03
1.068515184666943242e+03
1.068700449946648860e+03
1.069071643878967734e+03
1.070200180146601269e+03
1.070491629317668412e+03
1.070209114488274508e+03
1.071498415255199916e+03
1.070977876878553843e+03
1.071092286341816134e+03
1.070660375435636070e+03
1.070060777740723552e+03
1.069831826919164314e+03
1.069124087591552779e+03
1.068782331338705717e+03
1.068278411700965080e+03
1.068769923835802956e+03
1.068524045850210996e+03
1.067894819834875761e+03
1.067938166634972276e+03
1.067906597759150145e+03
1.068353579631160528e+03
1.068590555588153620e+03
1.068059362979198113e+03
1.067904082106344276e+03
1.068407489435264779e+03
1.068097507877409726e+03
1.067790976546739785e+03
1.067672027370333581e+03
1.066901653307648530e+03
1.066847620634275017e+03
1.067913067160646506e+03
1.067708640975241224e+03
1.067376931869152031e+03
1.066623134134723614e+03
1.066578863589067169e+03
1.066525847788210285e+03
1.066749428065789289e+03
1.067546861713115959e+03
1.067010947483842074e+03
1.066357886033555587e+03
1.066369788621140060e+03
1.066717618399803769e+03
1.067511731201637758e+03
1.067334465619994262e+03
1.067226616840565839e+03
1.066709766886516945e+03
1.067047171793866710e+03
1.067240627415975041e+03
1.067664411715047208e+03
1.067193678904876151e+03
1.066844083483941859e+03
1.067528741342475541e+03
1.066953137660205812e+03
1.067004053848999774e+03
1.066373931507299403e+03
1.066726507619469430e+03
1.065599069960270526e+03
1.065333600613608269e+03
1.066008464497709838e+03
1.065923547645409826e+03
1.065312674532319306e+03
1.065452735909368585e+03
1.065982481375800262e+03
1.065852873082696988e+03
1.065742714353643123e+03
1.066298305244220728e+03
1.066294410258926519e+03
1.066171116820503585e+03
1.065654490990435761e+03
1.066110905641684440e+03
1.066452891781249718e+03
1.066310184425777834e+03
1.066316818112004512e+03
1.067166516993553159e+03
1.067366806954796175e+03
1.066816881493080473e+03
1.066942679304170042e+03
1.067500254655921026e+03
1.066799313952367356e+03
1.066660081375541040e+03
1.066721032028418449e+03
1.066933078290406229e+03
1.066633513221466274e+03
1.067118889608602331e+03
1.067225588917561254e+03
1.067690545464655088e+03
1.067214589576011804e+03
1.066931013783046183e+03
1.066206844757014778e+03
1.066477943314446293e+03
1.066126588257074673e+03
1.065984123140573502e+03
1.066466386616483760e+03
1.066731413263099284e+03
1.066396375931304192e+03
1.065765774637965933e+03
1.065202384919138240e+03
1.064938613249550372e+03
1.064770274297765127e+03
1.064598062008954230e+03
1.064325098706495510e+03
1.065013363063502311e+03
1.065006503965471211e+03
1.065350361277937282e+03
1.065332363833609634e+03
1.064891980022440976e+03
1.064819035783430763e+03
1.064451182765430985e+03
1.064836965296370863e+03
1.065214369583658254e+03
1.065479833054179835e+03
1.065250979083677748e+03
1.065329924929388653e+03
1.065435599279797771e+03
1.065560891800766285e+03
1.065802938406284056e+03
1.066256895138566506e+03
1.066134961321582523e+03
1.066829922403421733e+03
1.066947115655805192e+03
1.066942920588536253e+03
1.066553223443615934e+03
1.066266016006469727e+03
1.066251861896203991e+03
1.065898597569769663e+03
1.066166885019317988e+03
1.065504383115548990e+03
1.065319006520348694e+03
1.065045388724961640e+03
1.064390013669057680e+03
1.064612860686044087e+03
1.065069368472663200e+03
1.065233845543061307e+03
1.064962135680559186e+03
1.065452684065424364e+03
1.065132329805649533e+03
1.064961508754735405e+03
1.064514092068990067e+03
1.065136436530975516e+03
1.065206213096354759e+03
1.064721622183345062e+03
1.064025993461001690e+03
1.064697404204614941e+03
1.064745382382125399e+03
1.065361932419407822e+03
1.064407543436518381e+03
1.064274745682325602e+03
1.064503675960239661e+03
1.065081236426996384e+03
1.065555983032767244e+03
1.065769648513193943e+03
1.065183149465091674e+03
1.065025375089458294e+03
1.064771397142435262e+03
1.064980103153293385e+03
1.065530090384185314e+03
1.065486636676465878e+03
1.065139871892062047e+03
1.064772774452674639e+03
1.065160338389441222e+03
1.064677142452916087e+03
1.064447121501892980e+03
1.064339431012061368e+03
1.064654445960349676e+03
1.065032007300869054e+03
1.065485536205125072e+03
1.065468469049260420e+03
1.064919339118859625e+03
1.065748203006505037e+03
1.064973238037675173e+03
1.065136608888667524e+03
1.064458386370113885e+03
1.064945834950732660e+03
1.064956755019326238e+03
1.064237602767071849e+03
1.063571965331353567e+03
1.063547218557244150e+03
1.063467231912250782e+03
1.063902920499914899e+03
1.063799470292197384e+03
1.064322851806390418e+03
1.064653795792413803e+03
1.064970965007566065e+03
1.065101413916103866e+03
1.065623937324418648e+03
1.065651045435950891e+03
1.065661482074532159e+03
1.064908771326541910e+03
1.065173562613021659e+03
1.066094386619225361e+03
1.066025229935034531e+03
1.066098308205011563e+03
1.066198393180799712e+03
1.065924474614429755e+03
1.065937933005955756e+03
1.065381844744823866e+03
1.065265162245157399e+03
1.064858778204741384e+03
1.064913952943870072e+03
1.064681824658304549e+03
1.064648312447842272e+03
1.064572654000078501e+03
1.064326294827607398e+03
1.064028852268761284e+03
1.064893021173839088e+03
1.064478364070062298e+03
1.064171690420353343e+03
1.063804365941954757e+03
1.063662479835073555e+03
1.063648232046995190e+03
1.063775623282134802e+03
1.064152305591453569e+03
1.064183141592777247e+03
1.063794567068898914e+03
1.063815368234895004e+03
1.063640556747786604e+03
1.063616480678931111e+03
1.063337645392820150e+03
1.063957581165465172e+03
1.064289887696504593e+03
1.064198949942067884e+03
1.063947368066087847e+03
1.064209142575292617e+03
1.065543734009756463e+03
1.066085354933744384e+03
1.066019202978912517e+03
1.066550409267002806e+03
1.066831414565585874e+03
1.066369015463467349e+03
1.066684553556374340e+03
1.066669855534111093e+03
1.066202714538122336e+03
1.066034947247477021e+03
1.065725301956735848e+03
1.065809357578948720e+03
1.065683406467707755e+03
1.065528360465670858e+03
1.065654308406605423e+03
1.065364833923680635e+03
1.065295436140517040e+03
1.065362864122021847e+03
1.065507570157285500e+03
1.065995246461121042e+03
1.066392966504408832e+03
1.066307241470977942e+03
1.066142650353047202e+03
1.066042070921696904e+03
1.065880426834904938e+03
1.066108964707377936e+03
1.066435641642789506e+03
1.066664501621162344e+03
1.066492154732898371e+03
1.066658839074724710e+03
1.066246040482994658e+03
1.065840431875561080e+03
1.065779392402842404e+03
1.066111136053456221e+03
1.066142404690008107e+03
1.065993530481472135e+03
1.066019890349939260e+03
1.065766925014307844e+03
1.066185635427042826e+03
1.066357124448503782e+03
1.066082397079903330e+03
1.065736942819749856e+03
1.065913524477791498e+03
1.065679597945750402e+03
1.065298550157113596e+03
1.065415733075439675e+03
1.064963765659029605e+03
1.064808254753881783e+03
1.064831745339734425e+03
1.065765522462230592e+03
1.065829724410855761e+03
1.066559512763039493e+03
1.067354827633849027e+03
1.067520714366127550e+03
1.068252842920281864e+03
1.068019302931163793e+03
1.067500120006869111e+03
1.067128739610097455e+03
1.067314418188944273e+03
1.067257230068185436e+03
1.067070900433829820e+03
1.067549976823056113e+03
1.067422791786873631e+03
1.067211429093120159e+03
1.067335608395470445e+03
1.067531953917491819e+03
1.067053138257130286e+03
1.067136401198631120e+03
1.067310903732755605e+03
1.067072202501244419e+03
1.067590667747766929e+03
1.067403339114709524e+03
1.067629316546318250e+03
1.067478144010957294e+03
1.067633232965574052e+03
1.067670623597146232e+03
1.067814521222783696e+03
1.067586141264582238e+03
1.067727020307494968e+03
1.067234450174550602e+03
1.066919298378140638e+03
1.066783745579527249e+03
1.067193501692711607e+03
1.066956791602747899e+03
1.066779103766316894e+03
1.066832478097673402e+03
1.067043882297590244e+03
1.066901863868936516e+03
1.067193952756526642e+03
1.066932398007367055e+03
1.067088657274101934e+03
1.067031550935171254e+03
1.066945625377112492e+03
1.066913799094948445e+03
1.067180378031986947e+03
1.067056228721692378e+03
1.067394679859472490e+03
1.066869026451887748e+03
1.066455348586627679e+03
1.066053646599672675e+03
1.066116854298828002e+03
1.065871662650825783e+03
1.065765138219414439e+03
1.065271827041658526e+03
1.065320949211526340e+03
1.065189659939562262e+03
1.065553574460833488e+03
1.065779537336444491e+03
1.066217015632128323e+03
1.066409456022958921e+03
1.066439931230363527e+03
1.066387936651517975e+03
1.066551976918168293e+03
1.066362889608417390e+03
1.065940909441897702e+03
1.066084667953908365e+03
1.066069825166413693e+03
1.066794658742946694e+03
1.066553282393849258e+03
1.066244743329192943e+03
1.066048445587876358e+03
1.066173275589818331e+03
1.066265485721739424e+03
1.066599919214736019e+03
1.066840153203407908e+03
1.066733724871981849e+03
1.066666265953603215e+03
1.066776660685474781e+03
1.066193803025479156e+03
1.066554004607917022e+03
1.067049118912738322e+03
1.067131130646525207e+03
1.067416726937963858e+03
1.067306484019670279e+03
1.067625492927708592e+03
1.067804514992003760e+03
1.067783829070903721e+03
1.067554420414343440e+03
1.067697794587215640e+03
1.067155169957478847e+03
1.066949005996594678e+03
1.067183273801540054e+03
1.067730924151913996e+03
1.067984423576019935e+03
1.067879378846226928e+03
1.068134944334428837e+03
1.068001389748210158e+03
1.067905098980101229e+03
1.068043573947456707e+03
1.067838604436186870e+03
1.067515150679536191e+03
1.067955599631219684e+03
1.068051280660667771e+03
1.068230008510053494e+03
1.067677989595586496e+03
1.067724630051736995e+03
1.068543947067953013e+03
1.068336897445709383e+03
1.068300658045640148e+03
1.068042818353164193e+03
1.067905039061504112e+03
1.068087049093983069e+03
1.068611337277597841e+03
1.068555485712992549e+03
1.069209829885482804e+03
1.068920453085885129e+03
1.068196548364833461e+03
1.068267132849422296e+03
1.067939562134533844e+03
1.068110707530690661e+03
1.068145682069463646e+03
1.068340587053422041e+03
1.068437461230490044e+03
1.068172979838784386e+03
1.067777795835060715e+03
1.068251113550127684e+03
1.068037541903997180e+03
1.067647049147896723e+03
1.067200055261570469e+03
1.066945310851975592e+03
1.066950337682183317e+03
1.066896358735676131e+03
1.067085521201487836e+03
1.067069555967666020e+03
1.066923177773344833e+03
1.066359136017249284e+03
1.066848670487301206e+03
1.066546013499285209e+03
1.066813894992694259e+03
1.066602468978137495e+03
1.066640017251057543e+03
1.066079490901200415e+03
1.065929180406874821e+03
1.065894949482064249e+03
1.065932771891992161e+03
1.065818171354084825e+03
1.065947482214417505e+03
1.065587773371989215e+03
1.065444449815805456e+03
1.065684778545213703e+03
1.065334856182451858e+03
1.064981142827606845e+03
1.064858338223716373e+03
1.064964308882815203e+03
1.065193542009133580e+03
1.065425219446964547e+03
1.065388010975037787e+03
1.065094323852261141e+03
1.064828499108895585e+03
1.064741515045531060e+03
1.064398676029810758e+03
1.064275644276863886e+03
1.064175893272152280e+03
1.064528737360006062e+03
1.064457746027991789e+03
1.064844839346510980e+03
1.065515361718805025e+03
1.065779329231095517e+03
1.065394007197819747e+03
1.065304750941488919e+03
1.065467654985008721e+03
1.064851900714235398e+03
1.064660049671036177e+03
1.064599959691365484e+03
1.064703827158010199e+03
1.064405827969003667e+03
1.064329936566325841e+03
1.064240323898372935e+03
1.064256012670975906e+03
1.064489824936199739e+03
1.064661174360851419e+03
1.064525926611416708e+03
1.064721728941028005e+03
1.065027781813918637e+03
1.065688139701558157e+03
1.065681767099489207e+03
1.065694249236761607e+03
1.066362893236983382e+03
1.066671415220647759e+03
1.066389231934658255e+03
1.066529929223113868e+03
1.066581692795678237e+03
1.066302839769281945e+03
1.066526979506513044e+03
1.066536294087657325e+03
1.066364865498009067e+03
1.066034839917463160e+03
1.066324640104975288e+03
1.066826026703598700e+03
1.067129758015645848e+03
1.067099817846800534e+03
1.067119888728544538e+03
1.067061240369782809e+03
1.067180823132573551e+03
1.066792105772735795e+03
1.067035014142911450e+03
1.067189008211478267e+03
1.066995846798086177e+03
1.067053169116241634e+03
1.066910746888809626e+03
1.066779071263153128e+03
1.067061876189198074e+03
1.067433359801009374e+03
1.067461370943675092e+03
1.067563902381550179e+03
1.067424550642867644e+03
1.067550057778124710e+03
1.067551096820226121e+03
1.068140031446581361e+03
1.068451351968411473e+03
1.068747510204694663e+03
1.068603728481316921e+03
1.069008946052096917e+03
1.068827196592463451e+03
1.068693076618297710e+03
1.068945274849178304e+03
1.068952776715052323e+03
1.069285947964197931e+03
1.069379506470698971e+03
1.069864766308224262e+03
1.069223239876463367e+03
1.069077843205888257e+03
1.069121997667766436e+03
1.069418964721775183e+03
1.069039767576967051e+03
1.069469146134702441e+03
1.069180045294464207e+03
1.069157545442997389e+03
1.069174893401271447e+03
1.069393179848565069e+03
1.069529042420124824e+03
1.069659041737283133e+03
1.069486921105824422e+03
1.069146204646864817e+03
1.068988442586375641e+03
1.069231930522767016e+03
1.069114294156590176e+03
1.068610794580835091e+03
1.068770050854489455e+03
1.068747915657816520e+03
1.068982291444926204e+03
1.069231595801803905e+03
1.069261930691965517e+03
1.069137188381432907e+03
1.068876208544613974e+03
1.069017023180160095e+03
1.068997164061524700e+03
1.068909933814435135e+03
1.068942242017159060e+03
1.069520822485045073e+03
1.069851173202820974e+03
1.069831582271439629e+03
1.069752215051484882e+03
1.069824636349790126e+03
1.070022656407563545e+03
1.069883718991051637e+03
1.069640526346034449e+03
1.069686961199652160e+03
1.069790290939952456e+03
1.070254487433165195e+03
1.070404994306267326e+03
1.070449613595895016e+03
1.069945869628629453e+03
1.070374032184314501e+03
1.070783418758984226e+03
1.070607255386957149e+03
1.070908077395926739e+03
1.071383138958380641e+03
1.071357034350588492e+03
1.071029045221222304e+03
1.071140822354966076e+03
1.071721924264510790e+03
1.072148275670939938e+03
1.071956544053768766e+03
1.071935110934982958e+03
1.072204417929905958e+03
1.072242440869783877e+03
1.072901353240927847e+03
1.073157398248246864e+03
1.073178795654621581e+03
1.072806445538592243e+03
1.072662265519925768e+03
1.073416585988625911e+03
1.074509704258201282e+03
1.074373097149800515e+03
1.074293994966550599e+03
1.073726636749435329e+03
1.073467568119400539e+03
1.073579656045179036e+03
1.073484763534159583e+03
1.073445758528492206e+03
1.073533213972944850e+03
1.073506312693008340e+03
1.073673159880834646e+03
1.074000605951838224e+03
1.073999729379098198e+03
1.073960313113743723e+03
1.073776713850112401e+03
1.073712844319878741e+03
1.073343969322747171e+03
1.073305084992412048e+03
1.073813751719450011e+03
1.073651904354509497e+03
1.073498511976953068e+03
1.073364992817242864e+03
1.073421853431555519e+03
1.073373085670978980e+03
1.073146908924169338e+03
1.073245988768200505e+03
1.072943985927154472e+03
1.073015632950449117e+03
1.073173993820974147e+03
1.073781719932492933e+03
1.074007683540199196e+03
1.073957620685356687e+03
1.074180429972074535e+03
1.073861862086620249e+03
1.074177527599853647e+03
1.073971859042687811e+03
1.073819936231134307e+03
1.073666320717648432e+03
1.073838806777678201e+03
1.073779420822907696e+03
1.074062902722816261e+03
1.074209981688514972e+03
1.073964597448962877e+03
1.073856944973847249e+03
1.073602258644821404e+03
1.074149568880305651e+03
1.073932533256375109e+03
1.073926033130477663e+03
1.074169559648198174e+03
1.074384486293171449e+03
1.074606343456358218e+03
1.074529370701797689e+03
1.074564432568708980e+03
1.074255445494280139e+03
1.074308338114234857e+03
1.074289222252040418e+03
1.074576535971637668e+03
1.074225917222044700e+03
1.074330918675193743e+03
1.073858635141314153e+03
1.073515456693032093e+03
1.074003593803221293e+03
1.073830191921937967e+03
1.073969953477094805e+03
1.074022532997837288e+03
1.074108538550962521e+03
1.073692544223218647e+03
1.073834675510277975e+03
1.073849018220817470e+03
1.073933949676843895e+03
1.073660286650646185e+03
1.073794514839172280e+03
1.073612641653949822e+03
1.073913726284100221e+03
1.073812756027684372e+03
1.073749944016123436e+03
1.073634539483362914e+03
1.074006885903656212e+03
1.074887240360536225e+03
1.074873218553054812e+03
1.074745455242699336e+03
1.074900377701956131e+03
1.075243473592965302e+03
1.075482935872206326e+03
1.075604700668407531e+03
1.075693006034138762e+03
1.075494781779112145e+03
1.075267046621060445e+03
1.075501138759393143e+03
1.075668610526184239e+03
1.075662518222469089e+03
1.075554349172396996e+03
1.075120614351201993e+03
1.074977605752225145e+03
1.074853303705531516e+03
1.074900212416656359e+03
1.074876815100277099e+03
1.074642017073018451e+03
1.074274302535628294e+03
1.073962251888567607e+03
1.074092450402135228e+03
1.073659525965154216e+03
1.073993525111237886e+03
1.073992093327264911e+03
1.074153000072678424e+03
1.073717959132149872e+03
1.074364222781110811e+03
1.074532538500024884e+03
1.074165340819281028e+03
1.074073482073612013e+03
1.073941763714360377e+03
1.073892176089915210e+03
1.073627824363738000e+03
1.073871019438693338e+03
1.074180732347941330e+03
1.074177424192060016e+03
1.074597762547496586e+03
1.075161894537784519e+03
1.075470680735344786e+03
1.075241119133489292e+03
1.075033543292332752e+03
1.075247328976851350e+03
1.075355272712384931e+03
1.075497092853493314e+03
1.075407093743406904e+03
1.075408776729384726e+03
1.075137411114630595e+03
1.075179963053459460e+03
1.075184909343354548e+03
1.075107636841065187e+03
1.074802580251322070e+03
1.074387074298713060e+03
1.074258452008827135e+03
1.074003782282515203e+03
1.074048396365477402e+03
1.074237853947295434e+03
1.073994023217901031e+03
1.074003234050194123e+03
1.073863140759362977e+03
1.074562372171462812e+03
1.074409453005208661e+03
1.074587822921348334e+03
1.074193450963831083e+03
1.073855078599095805e+03
1.073781662294383523e+03
1.073840106735056679e+03
1.074011791069462561e+03
1.073992407324087480e+03
1.073767581711160346e+03
1.073766228111393502e+03
1.073507907788497050e+03
1.073526879548667921e+03
1.073269091624052862e+03
1.073273490941560340e+03
1.073200528031082285e+03
1.072965790691404436e+03
1.072746170399698030e+03
1.072565887069987639e+03
1.072772230935792095e+03
1.072577419707236913e+03
1.072264273131401069e+03
1.072206316012766820e+03
1.072340988046815482e+03
1.072770446511565751e+03
1.072901936047483787e+03
1.073127648843186307e+03
1.073279309755630265e+03
1.073331204391694882e+03
1.073768898514349075e+03
1.073412894205099064e+03
1.073866696372572960e+03
1.073977204314337769e+03
1.073893167134305486e+03
1.074004253775410461e+03
1.074196584969384503e+03
1.074207799619902971e+03
1.074390864921935872e+03
1.074576910332592433e+03
1.074666419930904340e+03
1.074722865879272376e+03
1.074130953685600389e+03
1.073725154074500551e+03
1.073544926191409786e+03
1.073664544513047076e+03
1.074032237158570297e+03
1.073955331634566164e+03
1.074000887670272505e+03
1.074168365721472128e+03
1.074125571264170731e+03
1.074112830075604279e+03
1.074001903820943426e+03
1.074077031212131487e+03
1.074065910968182379e+03
1.073884851469590330e+03
1.073612563486786939e+03
1.073902158029214888e+03
1.074128821028275979e+03
1.073801004526226961e+03
1.073551245956032972e+03
1.073429854997875736e+03
1.073541656604791797e+03
1.073708988584988447e+03
1.073599466319709109e+03
1.073506114705771779e+03
1.073787994503371465e+03
1.073729645676695554e+03
1.073721840251826279e+03
1.073897114760603927e+03
1.073756377535753245e+03
1.074258870418889273e+03
1.074319914601534038e+03
1.074274014924412995e+03
1.074363802442955148e+03
1.074274256032088715e+03
1.074455386778646016e+03
1.074918164443422484e+03
1.075061770919745186e+03
1.074908292857828656e+03
1.075198115314000233e+03
1.075058030560975112e+03
1.074919704663574521e+03
1.074781484383174302e+03
1.074725630956917939e+03
1.074974814331990729e+03
1.074744830196106022e+03
1.074994313348732021e+03
1.074848181347829950e+03
1.074846137338478229e+03
1.074650541792207378e+03
1.074706662221388342e+03
1.074742415057927474e+03
1.074425875343160442e+03
1.074148939912662172e+03
1.074122576610900296e+03
1.074110574807330977e+03
1.074366900569478730e+03
1.074365142698254203e+03
1.074024916915570202e+03
1.073787372147607812e+03
1.073582608243137884e+03
1.073703396803228770e+03
1.074080437074580686e+03
1.073976620021124745e+03
1.074044693127295432e+03
1.074346004129545236e+03
1.074469154593649819e+03
1.074457715869033564e+03
1.074396184182936167e+03
1.074417663766691248e+03
1.074463748181233541e+03
1.074381850464849549e+03
1.074703309343244655e+03
1.074821698602640481e+03
1.074819951094728594e+03
1.074938055524273750e+03
1.075013237026113529e+03
1.075353131592647514e+03
1.075559454548657868e+03
1.075757873216601183e+03
1.076169273846006945e+03
1.076164349728942852e+03
1.076638144045405852e+03
1.076349902638125059e+03
1.076542117310628555e+03
1.076773633183659740e+03
1.076818165734203831e+03
1.076644024866757491e+03
1.076506300391992681e+03
1.076599851912766781e+03
1.076461785266412562e+03
1.076503144305685282e+03
1.076692449561809781e+03
1.076540771310860237e+03
1.076683891919033613e+03
1.076273445071635933e+03
1.076366231013196966e+03
1.076380910782961564e+03
1.076596857228121962e+03
1.076413322893822169e+03
1.076536668188777867e+03
1.076622236067501944e+03
1.076906502794239714e+03
1.076952019393158480e+03
1.076860755352902288e+03
1.076480010154552019e+03
1.076430493813394833e+03
1.076149223075059581e+03
1.076163613450803723e+03
1.076616863211727377e+03
1.076622777723161562e+03
1.076888710798415559e+03
1.076783858702782936e+03
1.076636170701701758e+03
1.076705908212972645e+03
1.077014671874709848e+03
1.076968042508232656e+03
1.077214618765620799e+03
1.077223483904913564e+03
1.077254766963992324e+03
1.077315692888706508e+03
1.077611122590452624e+03
1.077279249580486294e+03
1.077259830552126232e+03
1.077952455651904984e+03
1.077828627367077615e+03
1.077827890506651784e+03
1.078191455900147275e+03
1.078211362756598191e+03
1.078461714941459604e+03
1.078631147212879569e+03
1.078982348027687294e+03
1.078812330798974699e+03
1.078882497791313199e+03
1.078887658326299743e+03
1.078769175823950036e+03
1.079146089444039262e+03
1.078893930431353283e+03
1.078758030939867240e+03
1.078916153570772622e+03
1.078792640095240813e+03
1.078505053056407633e+03
1.078419880391438710e+03
1.078248905390282516e+03
1.078499508485654360e+03
1.078351677646497365e+03
1.078350267610651372e+03
1.078167697777225385e+03
1.077981888255591684e+03
1.078101447235137812e+03
1.077778787005801405e+03
1.077798670038788259e+03
1.077646599578857376e+03
1.077789467640541716e+03
1.077816028683273771e+03
1.077824907775596557e+03
1.077936340609188846e+03
1.078004093374120202e+03
1.078196671385249147e+03
1.078027368529187015e+03
1.077944678878281593e+03
1.078148217704125045e+03
1.078361852560545231e+03
1.078236912578755891e+03
1.078263350420336565e+03
1.077984454865684256e+03
1.078291925805760229e+03
1.078335570921350609e+03
1.078319422715613200e+03
1.078104855000933640e+03
1.078160229082506930e+03
1.077858004775212521e+03
1.078105204675711775e+03
1.077890787639156997e+03
1.077887454996532369e+03
1.077896063125919000e+03
1.077699193797801627e+03
1.077651776831313100e+03
1.077734709016978741e+03
1.077831911281866041e+03
1.077661462119093812e+03
1.077770477884849015e+03
1.077778737286158957e+03
1.077927505243141695e+03
1.078204911099642914e+03
1.078162485304391794e+03
1.078486135598908959e+03
1.078622926375009456e+03
1.078651559639717334e+03
1.078622213692840887e+03
1.078514155220307657e+03
1.078703828931085582e+03
1.078716925799462160e+03
1.078835039385974596e+03
1.078851826640748413e+03
1.078843159898510976e+03
1.078545181168859472e+03
1.078387575791042991e+03
1.078387468999946122e+03
1.078344397954628448e+03
1.078181524271836452e+03
1.078285175944995672e+03
1.078483819284194624e+03
1.078436510385419297e+03
1.078189341074983759e+03
1.078566658032222676e+03
1.078491866038583339e+03
1.078632682761292926e+03
1.078644272079565098e+03
1.078520836429072460e+03
1.078764348884018091e+03
1.079027817003433711e+03
1.079085083083134577e+03
1.079249511517209612e+03
1.079291750813258432e+03
1.079324065420025818e+03
1.079227625169475232e+03
1.079461393585205087e+03
1.079194919753195563e+03
1.079097171906814083e+03
1.079042743044660938e+03
1.079060165782153035e+03
1.078824520354934975e+03
1.078998600681698235e+03
1.079163366939867728e+03
1.079185498802103211e+03
1.079027930380118050e+03
1.078799734552425434e+03
1.078965200111514150e+03
1.079206064424953411e+03
1.079688936687536852e+03
1.079771059272722823e+03
1.080027077073870942e+03
1.080268139345851296e+03
1.080354803641237822e+03
1.080290684914933081e+03
1.080452776596567219e+03
1.080453325074294526e+03
1.080755121871642359e+03
1.080752632153056538e+03
1.080801414802465388e+03
1.080565760664376285e+03
1.080956538105011077e+03
1.080973670692610540e+03
1.080856042316641606e+03
1.080806976097044981e+03
1.081053817380396140e+03
1.081344308383739644e+03
1.081404268397786154e+03
1.081382126922702355e+03
1.081111465378187177e+03
1.080848492339651557e+03
1.080738739203221940e+03
1.080624914530417300e+03
1.080846403131414036e+03
1.080659001714016995e+03
1.080643709367092697e+03
1.080700035740052272e+03
1.080751456775287579e+03
1.080544257954896466e+03
1.080609613496382053e+03
1.080581096338150701e+03
1.080686369547431923e+03
1.080621712149844143e+03
1.080483403364621381e+03
1.080219516878721606e+03
1.079990451892608462e+03
1.079907890162541207e+03
1.080127598059866614e+03
1.079809165924109720e+03
1.079806139828824826e+03
1.080035010181518373e+03
1.079802600851234502e+03
1.079826933249748890e+03
1.079861627281880828e+03
1.079701233702062154e+03
1.079771274944851712e+03
1.079576048950755194e+03
1.079603180584522761e+03
1.079566790756104410e+03
1.079936936072231902e+03
1.079849619534337080e+03
1.079752841895964139e+03
1.080026496257235749e+03
1.080171502784747645e+03
1.079894397245698428e+03
1.080229832855744462e+03
1.080318714607957645e+03
1.080482682433192167e+03
1.080559164161890521e+03
1.080974541539127358e+03
1.080986070606331168e+03
1.080903638765739743e+03
1.080880636389655592e+03
1.080666287726986411e+03
1.080640089336194478e+03
1.080499346343320667e+03
1.080125577263961759e+03
1.080171943051803510e+03
1.080152872151183146e+03
1.080398567995777739e+03
1.080128142993230313e+03
1.080107905842884520e+03
1.080310888436241157e+03
1.080383224723714875e+03
1.080639687371268337e+03
1.080543705896689289e+03
1.080743467366444747e+03
1.080655918448769853e+03
1.080748664942914729e+03
1.080779742282071538e+03
1.080815758962842665e+03
1.080650771859448923e+03
1.080711473189878461e+03
1.080905585528560778e+03
1.080948605203941952e+03
1.080754917566351878e+03
1.080926941070556722e+03
1.081059512614065852e+03
1.080856209526903740e+03
1.081101680957944154e+03
1.081253394201300353e+03
1.081336208036967719e+03
1.081472030943735035e+03
1.081483676810610405e+03
1.081414754943484922e+03
1.081318535879502178e+03
1.081232941792202382e+03
1.081086211364040082e+03
1.081327702170091015e+03
1.081269592861428691e+03
1.081310176542201816e+03
1.081310327525392722e+03
1.081518886618047418e+03
1.081476941577649768e+03
1.081802828719470881e+03
1.082248422485315587e+03
1.082274009220719790e+03
1.082262433070056886e+03
1.082173642830070321e+03
1.081977723700138085e+03
1.081643520260923651e+03
1.081446303174635887e+03
1.081601229836420771e+03
1.081731494016008583e+03
1.081711198250126017e+03
1.081765404873610578e+03
1.081902587387219228e+03
1.081889392050042034e+03
1.081649041104889420e+03
1.081627790040098716e+03
1.081635395646025472e+03
1.081502595395093749e+03
1.081412522882832718e+03
1.081234733211659886e+03
1.080902082159306246e+03
1.080740677643267418e+03
1.080653285553156365e+03
1.080714555326875370e+03
1.080650301560594698e+03
1.080337681365096387e+03
1.080445552457551003e+03
1.080558071297268498e+03
1.080258213885505029e+03
1.080073647139102832e+03
1.080513678038736089e+03
1.080651503332806215e+03
1.080455458741118946e+03
1.080569181409108751e+03
1.080626773370368483e+03
1.080564794677275131e+03
1.080646880293802496e+03
1.080621668375709760e+03
1.080820259407171307e+03
1.080558387292725456e+03
1.080264730058373971e+03
1.080116669299555724e+03
1.080134895245554844e+03
1.080010738524423687e+03
1.079899192608013664e+03
1.079750331270681045e+03
1.079798972269664773e+03
1.080091704780754071e+03
1.079864944957577563e+03
1.079721100705362460e+03
1.079799734105751895e+03
1.079779711228991800e+03
1.079642793022527485e+03
1.079721691142515965e+03
1.080063849483548893e+03
1.080160540582931844e+03
1.080194570186957435e+03
1.080151150782993909e+03
1.079893697369377833e+03
1.079941971127845363e+03
1.080009564762583295e+03
1.080036219265197360e+03
1.080039197744603143e+03
1.080207649115820914e+03
1.080333908569561800e+03
1.080598328934323490e+03
1.080353385727943760e+03
1.080548347297581813e+03
1.080606046476261326e+03
1.080867913862092109e+03
1.080926210744233458e+03
1.081018294096533737e+03
1.081127845854934776e+03
1.080905489942090526e+03
1.080888910314088207e+03
1.080984044525957643e+03
1.081024635634090828e+03
1.081016094378024263e+03
1.080890765193893913e+03
1.080858299335023275e+03
1.080876169541429363e+03
1.080859929057898626e+03
1.081315171519534715e+03
1.081445852599702448e+03
1.081131283362393333e+03
1.081160129184529751e+03
1.081197300778539557e+03
1.081172365019830522e+03
1.080714724964268271e+03
1.080962787160434573e+03
1.080912650600953157e+03
1.080872663640120663e+03
1.080867472996431161e+03
1.080771696350208686e+03
1.080668427071894257e+03
1.080871761830861033e+03
1.080814023491788475e+03
1.080785945294556086e+03
1.080898476898304125e+03
1.081111726549054993e+03
1.081064836989284231e+03
1.081104609332089922e+03
1.080929816652473392e+03
1.080964526581073869e+03
1.081095637401608428e+03
1.081361010710575101e+03
1.081484354852503657e+03
1.081374421082602566e+03
1.081327170744265231e+03
1.081307713129676586e+03
1.081686357737248727e+03
1.081472586808342157e+03
1.081238310409715041e+03
1.081349032102101091e+03
1.081292778695955576e+03
1.081159478344748550e+03
1.081064259603446544e+03
1.081000401878357025e+03
1.080627363845302852e+03
1.080423681914938015e+03
1.080321132669380404e+03
1.080488214275145538e+03
1.080457971453075515e+03
1.080383558146228779e+03
1.080102644915625433e+03
1.080160493507637057e+03
1.080206781838214056e+03
1.079951235944098244e+03
1.079856919477694191e+03
1.079862065725609227e+03
1.079932952973977308e+03
1.079681621874633493e+03
1.079434018488844686e+03
1.079438047750625628e+03
1.079223170581644354e+03
1.079080483022351700e+03
1.078974259141366247e+03
1.078902161531500496e+03
1.079155366593407280e+03
1.079206280911333124e+03
1.079402821551758507e+03
1.079203077799881385e+03
1.078956489046393017e+03
1.078852641391338693e+03
1.078870722834546086e+03
1.078786145438566791e+03
1.078831948495546385e+03
1.078850233943566082e+03
1.078998652853440035e+03
1.079029473180491323e+03
1.079004931348986020e+03
1.079083338442696913e+03
1.078876160520848316e+03
1.078760220593775784e+03
1.078860846009845773e+03
1.078930808109638519e+03
1.078891652565765753e+03
1.078954828269546169e+03
1.078944866117562924e+03
1.078909867627574386e+03
1.078921659926626944e+03
1.078963869420970241e+03
1.079284774727834247e+03
1.079186426570703134e+03
1.079057631239431430e+03
1.079076938346846418e+03
1.079080832385452595e+03
1.079043168243285209e+03
