1.425496632702180932e+03
1.425425703625009874e+03
1.425611594280913323e+03
1.425605704407625581e+03
1.425445934650117351e+03
1.425390704569312220e+03
1.425125487956928282e+03
1.425097314860315464e+03
1.424437026915246861e+03
1.423762601570293327e+03
1.423699568552755863e+03
1.423489276879556201e+03
1.423541724264897994e+03
1.423532520170408816e+03
1.423183167317322614e+03
1.423306739066051932e+03
1.423282645330416926e+03
1.423186384649955926e+03
1.423245346830507060e+03
1.423270065482035534e+03
