5.681798206412972831e+02
5.676783587598880558e+02
5.675792206801210114e+02
5.673800718522996931e+02
5.672932393876537844e+02
5.671685436403167841e+02
5.669012088679141925e+02
5.666773978373252021e+02
5.665684729925094416e+02
5.663713925443652215e+02
5.662249570270814729e+02
5.660571718296353083e+02
5.658949235398290512e+02
5.656361626855036775e+02
5.655711495172715786e+02
5.653168564582554154e+02
5.653524913152594991e+02
5.652493709255430758e+02
5.650808219845339408e+02
5.647611374396699375e+02
5.649049275801917247e+02
5.647692304839573580e+02
5.647093175917009376e+02
5.645647742092910448e+02
5.646172338070797423e+02
5.644334000720945141e+02
5.643922972076055657e+02
5.644485476205964005e+02
5.642494366824325880e+02
5.642871784641207569e+02
5.641922110610627215e+02
5.640950282870416004e+02
5.641714578535263627e+02
5.638965470232006965e+02
5.640142456073986068e+02
5.638581812602874379e+02
5.640024755937855616e+02
5.637262172924125707e+02
5.638646511766198728e+02
5.637864675972151645e+02
5.636070396687088078e+02
5.637056767719391246e+02
5.636994937780937107e+02
5.635137980945195295e+02
5.636941393873140669e+02
5.634857812659535057e+02
5.636320099179298495e+02
5.635968781321688539e+02
5.636447777354094342e+02
5.635071904341648406e+02
5.635838332345072104e+02
5.633210255846406653e+02
5.635672004146479139e+02
5.632969320403383335e+02
5.634275183026344394e+02
5.632915077563280875e+02
5.632564993049402347e+02
5.632734834002001207e+02
5.630758884423498785e+02
5.632677073744055178e+02
5.631590920234409623e+02
5.631284123046000332e+02
5.633230364061327009e+02
5.630524425442263237e+02
5.631294080660275085e+02
5.632498728927432694e+02
5.631902393482587286e+02
5.632772570154920686e+02
5.631037481317632682e+02
5.630085083123603908e+02
5.630541454559635213e+02
5.627996671541545766e+02
5.631855442954155251e+02
5.629284203756117222e+02
5.627456061795830919e+02
5.630762722439950494e+02
5.628857987164244605e+02
5.631173085764327197e+02
5.630321522788293578e+02
5.629533924340800013e+02
5.630620634776946645e+02
5.628394754580261861e+02
5.627708598292898614e+02
5.628702682507982900e+02
5.627320962490963439e+02
5.627414908417159722e+02
5.626914800801525871e+02
5.627788953636388669e+02
5.627006066147030197e+02
5.627974068897369762e+02
5.626556317199141404e+02
5.627567067878040916e+02
5.625847550789380875e+02
5.627454420125102388e+02
5.628068957883632493e+02
5.627362837960306479e+02
5.625689602059015897e+02
5.627301050961318651e+02
5.626423315012837065e+02
5.626924875815843734e+02
