5.578291891932487488e+05
5.573959662675857544e+05
5.572510766744613647e+05
5.572239339458942413e+05
5.571809375667572021e+05
5.570347200775146484e+05
5.570168438100814819e+05
5.569282214593887329e+05
5.568646703910827637e+05
5.568615300893783569e+05
5.568118756628036499e+05
5.567447470760345459e+05
5.567391150856018066e+05
5.566463325738906860e+05
5.566718995904922485e+05
5.566035929298400879e+05
5.566262055540084839e+05
5.566359848332405090e+05
5.565760240936279297e+05
5.564847594177722931e+05
5.565456165897846222e+05
5.564222951221466064e+05
5.564184638738632202e+05
5.564540721178054810e+05
5.563657329750061035e+05
5.564147947072982788e+05
5.563368085741996765e+05
5.563890122818946838e+05
5.563394907188415527e+05
5.563003656005859375e+05
