5.219682556819915771e+05
5.216040605258941650e+05
5.214624866867065430e+05
5.213612856483459473e+05
5.212848432540893555e+05
5.212122250747680664e+05
5.211542362403869629e+05
5.211248260974884033e+05
5.210616919040679932e+05
5.210274303817749023e+05
5.209848487854003906e+05
5.209512033462524414e+05
5.209116798973083496e+05
5.208778752803802490e+05
5.208515176296234131e+05
5.208088461017608643e+05
5.207885372829437256e+05
5.207506265926361084e+05
5.207272189235687256e+05
5.206891102600097656e+05
5.206840316486358643e+05
5.206488606071472168e+05
5.206260455513000488e+05
5.206021139621734619e+05
5.205899231719970703e+05
5.205532304286956787e+05
5.205522825336456299e+05
5.205261935806274414e+05
5.205096220302581787e+05
5.204769161701202393e+05
